mode: set
github.com/tochemey/goakt-mcp/api.go:41.98,42.21 1 1
github.com/tochemey/goakt-mcp/api.go:42.21,44.3 1 1
github.com/tochemey/goakt-mcp/api.go:46.2,47.16 2 1
github.com/tochemey/goakt-mcp/api.go:47.16,49.3 1 0
github.com/tochemey/goakt-mcp/api.go:51.2,52.16 2 1
github.com/tochemey/goakt-mcp/api.go:52.16,54.3 1 0
github.com/tochemey/goakt-mcp/api.go:56.2,57.9 2 1
github.com/tochemey/goakt-mcp/api.go:57.9,59.3 1 0
github.com/tochemey/goakt-mcp/api.go:61.2,61.23 1 1
github.com/tochemey/goakt-mcp/api.go:61.23,63.3 1 1
github.com/tochemey/goakt-mcp/api.go:64.2,64.27 1 0
github.com/tochemey/goakt-mcp/api.go:68.70,69.21 1 1
github.com/tochemey/goakt-mcp/api.go:69.21,71.3 1 1
github.com/tochemey/goakt-mcp/api.go:73.2,74.16 2 1
github.com/tochemey/goakt-mcp/api.go:74.16,76.3 1 0
github.com/tochemey/goakt-mcp/api.go:78.2,79.16 2 1
github.com/tochemey/goakt-mcp/api.go:79.16,81.3 1 0
github.com/tochemey/goakt-mcp/api.go:83.2,84.9 2 1
github.com/tochemey/goakt-mcp/api.go:84.9,86.3 1 0
github.com/tochemey/goakt-mcp/api.go:87.2,87.26 1 1
github.com/tochemey/goakt-mcp/api.go:94.74,95.21 1 1
github.com/tochemey/goakt-mcp/api.go:95.21,97.3 1 1
github.com/tochemey/goakt-mcp/api.go:99.2,99.47 1 1
github.com/tochemey/goakt-mcp/api.go:99.47,101.3 1 1
github.com/tochemey/goakt-mcp/api.go:103.2,104.16 2 1
github.com/tochemey/goakt-mcp/api.go:104.16,106.3 1 0
github.com/tochemey/goakt-mcp/api.go:108.2,109.16 2 1
github.com/tochemey/goakt-mcp/api.go:109.16,111.3 1 0
github.com/tochemey/goakt-mcp/api.go:113.2,114.9 2 1
github.com/tochemey/goakt-mcp/api.go:114.9,116.3 1 0
github.com/tochemey/goakt-mcp/api.go:117.2,117.19 1 1
github.com/tochemey/goakt-mcp/api.go:124.72,125.21 1 1
github.com/tochemey/goakt-mcp/api.go:125.21,127.3 1 1
github.com/tochemey/goakt-mcp/api.go:129.2,130.16 2 1
github.com/tochemey/goakt-mcp/api.go:130.16,132.3 1 0
github.com/tochemey/goakt-mcp/api.go:134.2,135.16 2 1
github.com/tochemey/goakt-mcp/api.go:135.16,137.3 1 0
github.com/tochemey/goakt-mcp/api.go:139.2,140.9 2 1
github.com/tochemey/goakt-mcp/api.go:140.9,142.3 1 0
github.com/tochemey/goakt-mcp/api.go:143.2,143.19 1 1
github.com/tochemey/goakt-mcp/api.go:148.77,149.21 1 1
github.com/tochemey/goakt-mcp/api.go:149.21,151.3 1 0
github.com/tochemey/goakt-mcp/api.go:153.2,154.16 2 1
github.com/tochemey/goakt-mcp/api.go:154.16,156.3 1 0
github.com/tochemey/goakt-mcp/api.go:158.2,159.16 2 1
github.com/tochemey/goakt-mcp/api.go:159.16,161.3 1 0
github.com/tochemey/goakt-mcp/api.go:163.2,164.9 2 1
github.com/tochemey/goakt-mcp/api.go:164.9,166.3 1 0
github.com/tochemey/goakt-mcp/api.go:167.2,167.19 1 1
github.com/tochemey/goakt-mcp/api.go:171.76,172.21 1 1
github.com/tochemey/goakt-mcp/api.go:172.21,174.3 1 0
github.com/tochemey/goakt-mcp/api.go:176.2,177.16 2 1
github.com/tochemey/goakt-mcp/api.go:177.16,179.3 1 0
github.com/tochemey/goakt-mcp/api.go:181.2,182.16 2 1
github.com/tochemey/goakt-mcp/api.go:182.16,184.3 1 0
github.com/tochemey/goakt-mcp/api.go:186.2,187.9 2 1
github.com/tochemey/goakt-mcp/api.go:187.9,189.3 1 0
github.com/tochemey/goakt-mcp/api.go:190.2,190.19 1 1
github.com/tochemey/goakt-mcp/api.go:195.82,197.16 2 1
github.com/tochemey/goakt-mcp/api.go:197.16,199.3 1 0
github.com/tochemey/goakt-mcp/api.go:201.2,202.30 2 1
github.com/tochemey/goakt-mcp/api.go:202.30,204.3 1 1
github.com/tochemey/goakt-mcp/api.go:206.2,207.16 2 0
github.com/tochemey/goakt-mcp/api.go:207.16,209.3 1 0
github.com/tochemey/goakt-mcp/api.go:210.2,210.17 1 0
github.com/tochemey/goakt-mcp/api.go:214.79,216.16 2 1
github.com/tochemey/goakt-mcp/api.go:216.16,218.3 1 0
github.com/tochemey/goakt-mcp/api.go:220.2,221.30 2 1
github.com/tochemey/goakt-mcp/api.go:221.30,223.3 1 1
github.com/tochemey/goakt-mcp/api.go:225.2,226.16 2 0
github.com/tochemey/goakt-mcp/api.go:226.16,228.3 1 0
github.com/tochemey/goakt-mcp/api.go:229.2,229.17 1 0
github.com/tochemey/goakt-mcp/gateway.go:66.60,74.27 3 1
github.com/tochemey/goakt-mcp/gateway.go:74.27,76.3 1 1
github.com/tochemey/goakt-mcp/gateway.go:78.2,78.30 1 1
github.com/tochemey/goakt-mcp/gateway.go:78.30,80.3 1 0
github.com/tochemey/goakt-mcp/gateway.go:82.2,82.16 1 1
github.com/tochemey/goakt-mcp/gateway.go:92.52,93.50 1 1
github.com/tochemey/goakt-mcp/gateway.go:93.50,95.3 1 1
github.com/tochemey/goakt-mcp/gateway.go:97.2,97.15 1 1
github.com/tochemey/goakt-mcp/gateway.go:97.15,98.59 1 1
github.com/tochemey/goakt-mcp/gateway.go:98.59,100.4 1 0
github.com/tochemey/goakt-mcp/gateway.go:103.2,103.15 1 1
github.com/tochemey/goakt-mcp/gateway.go:103.15,105.3 1 1
github.com/tochemey/goakt-mcp/gateway.go:107.2,108.61 2 1
github.com/tochemey/goakt-mcp/gateway.go:108.61,111.17 3 0
github.com/tochemey/goakt-mcp/gateway.go:111.17,113.4 1 0
github.com/tochemey/goakt-mcp/gateway.go:116.2,117.16 2 1
github.com/tochemey/goakt-mcp/gateway.go:117.16,119.3 1 0
github.com/tochemey/goakt-mcp/gateway.go:121.2,121.42 1 1
github.com/tochemey/goakt-mcp/gateway.go:121.42,123.3 1 0
github.com/tochemey/goakt-mcp/gateway.go:125.2,125.101 1 1
github.com/tochemey/goakt-mcp/gateway.go:125.101,128.3 2 0
github.com/tochemey/goakt-mcp/gateway.go:130.2,131.12 2 1
github.com/tochemey/goakt-mcp/gateway.go:138.51,139.21 1 1
github.com/tochemey/goakt-mcp/gateway.go:139.21,141.3 1 1
github.com/tochemey/goakt-mcp/gateway.go:143.2,145.41 3 1
github.com/tochemey/goakt-mcp/gateway.go:145.41,148.3 2 0
github.com/tochemey/goakt-mcp/gateway.go:149.2,149.12 1 1
github.com/tochemey/goakt-mcp/gateway.go:156.51,158.2 1 1
github.com/tochemey/goakt-mcp/gateway.go:160.49,161.72 1 1
github.com/tochemey/goakt-mcp/gateway.go:161.72,164.3 1 1
github.com/tochemey/goakt-mcp/gateway.go:165.2,165.12 1 1
github.com/tochemey/goakt-mcp/gateway.go:168.51,215.15 2 1
github.com/tochemey/goakt-mcp/gateway.go:215.15,217.3 1 1
github.com/tochemey/goakt-mcp/gateway.go:218.2,218.13 1 1
github.com/tochemey/goakt-mcp/gateway.go:221.78,233.20 3 1
github.com/tochemey/goakt-mcp/gateway.go:233.20,235.3 1 0
github.com/tochemey/goakt-mcp/gateway.go:237.2,237.114 1 1
github.com/tochemey/goakt-mcp/gateway.go:237.114,239.3 1 0
github.com/tochemey/goakt-mcp/gateway.go:240.2,240.13 1 1
github.com/tochemey/goakt-mcp/options.go:42.40,43.26 1 1
github.com/tochemey/goakt-mcp/options.go:43.26,44.37 1 1
github.com/tochemey/goakt-mcp/options.go:44.37,46.4 1 1
github.com/tochemey/goakt-mcp/options.go:46.9,48.4 1 1
github.com/tochemey/goakt-mcp/options.go:57.27,58.26 1 1
github.com/tochemey/goakt-mcp/options.go:58.26,60.3 1 1
github.com/tochemey/goakt-mcp/options.go:69.27,70.26 1 1
github.com/tochemey/goakt-mcp/options.go:70.26,72.3 1 1
github.com/tochemey/goakt-mcp/internal/egress/mcpconv/mcpconv.go:39.62,40.37 1 1
github.com/tochemey/goakt-mcp/internal/egress/mcpconv/mcpconv.go:40.37,42.3 1 1
github.com/tochemey/goakt-mcp/internal/egress/mcpconv/mcpconv.go:43.2,44.16 2 1
github.com/tochemey/goakt-mcp/internal/egress/mcpconv/mcpconv.go:44.16,46.3 1 1
github.com/tochemey/goakt-mcp/internal/egress/mcpconv/mcpconv.go:47.2,47.38 1 1
github.com/tochemey/goakt-mcp/internal/egress/mcpconv/mcpconv.go:52.68,53.16 1 1
github.com/tochemey/goakt-mcp/internal/egress/mcpconv/mcpconv.go:53.16,55.3 1 1
github.com/tochemey/goakt-mcp/internal/egress/mcpconv/mcpconv.go:56.2,57.26 2 1
github.com/tochemey/goakt-mcp/internal/egress/mcpconv/mcpconv.go:57.26,59.3 1 1
github.com/tochemey/goakt-mcp/internal/egress/mcpconv/mcpconv.go:60.2,60.34 1 1
github.com/tochemey/goakt-mcp/internal/egress/mcpconv/mcpconv.go:60.34,62.3 1 1
github.com/tochemey/goakt-mcp/internal/egress/mcpconv/mcpconv.go:63.2,63.12 1 1
github.com/tochemey/goakt-mcp/internal/egress/mcpconv/mcpconv.go:68.58,69.41 1 1
github.com/tochemey/goakt-mcp/internal/egress/mcpconv/mcpconv.go:69.41,71.3 1 1
github.com/tochemey/goakt-mcp/internal/egress/mcpconv/mcpconv.go:72.2,72.55 1 1
github.com/tochemey/goakt-mcp/internal/egress/mcpconv/mcpconv.go:72.55,74.3 1 1
github.com/tochemey/goakt-mcp/internal/egress/mcpconv/mcpconv.go:75.2,75.21 1 1
github.com/tochemey/goakt-mcp/internal/egress/mcpconv/mcpconv.go:78.58,80.25 2 1
github.com/tochemey/goakt-mcp/internal/egress/mcpconv/mcpconv.go:80.25,81.27 1 1
github.com/tochemey/goakt-mcp/internal/egress/mcpconv/mcpconv.go:82.28,86.6 1 1
github.com/tochemey/goakt-mcp/internal/egress/mcpconv/mcpconv.go:87.29,92.6 1 1
github.com/tochemey/goakt-mcp/internal/egress/mcpconv/mcpconv.go:93.29,98.6 1 1
github.com/tochemey/goakt-mcp/internal/egress/mcpconv/mcpconv.go:99.33,101.25 2 1
github.com/tochemey/goakt-mcp/internal/egress/mcpconv/mcpconv.go:101.25,103.34 2 1
github.com/tochemey/goakt-mcp/internal/egress/mcpconv/mcpconv.go:103.34,105.6 1 1
github.com/tochemey/goakt-mcp/internal/egress/mcpconv/mcpconv.go:106.5,106.30 1 1
github.com/tochemey/goakt-mcp/internal/egress/mcpconv/mcpconv.go:106.30,108.6 1 1
github.com/tochemey/goakt-mcp/internal/egress/mcpconv/mcpconv.go:110.4,110.20 1 1
github.com/tochemey/goakt-mcp/internal/egress/mcpconv/mcpconv.go:111.29,117.24 2 1
github.com/tochemey/goakt-mcp/internal/egress/mcpconv/mcpconv.go:117.24,119.5 1 1
github.com/tochemey/goakt-mcp/internal/egress/mcpconv/mcpconv.go:120.4,120.20 1 1
github.com/tochemey/goakt-mcp/internal/egress/mcpconv/mcpconv.go:121.11,122.52 1 0
github.com/tochemey/goakt-mcp/internal/egress/mcpconv/mcpconv.go:125.2,125.10 1 1
github.com/tochemey/goakt-mcp/internal/egress/stdio/executor.go:52.105,53.19 1 1
github.com/tochemey/goakt-mcp/internal/egress/stdio/executor.go:53.19,59.3 1 1
github.com/tochemey/goakt-mcp/internal/egress/stdio/executor.go:61.2,65.16 4 0
github.com/tochemey/goakt-mcp/internal/egress/stdio/executor.go:65.16,66.23 1 0
github.com/tochemey/goakt-mcp/internal/egress/stdio/executor.go:66.23,72.4 1 0
github.com/tochemey/goakt-mcp/internal/egress/stdio/executor.go:73.3,77.9 1 0
github.com/tochemey/goakt-mcp/internal/egress/stdio/executor.go:80.2,83.17 4 0
github.com/tochemey/goakt-mcp/internal/egress/stdio/executor.go:83.17,86.3 2 0
github.com/tochemey/goakt-mcp/internal/egress/stdio/executor.go:88.2,93.8 1 0
github.com/tochemey/goakt-mcp/internal/egress/stdio/executor.go:97.39,98.21 1 1
github.com/tochemey/goakt-mcp/internal/egress/stdio/executor.go:98.21,99.20 1 1
github.com/tochemey/goakt-mcp/internal/egress/stdio/executor.go:99.20,102.4 2 0
github.com/tochemey/goakt-mcp/internal/egress/stdio/executor.go:103.3,103.17 1 1
github.com/tochemey/goakt-mcp/internal/egress/stdio/executor.go:105.2,105.19 1 1
github.com/tochemey/goakt-mcp/internal/egress/stdio/executor.go:111.108,112.37 1 1
github.com/tochemey/goakt-mcp/internal/egress/stdio/executor.go:112.37,114.3 1 1
github.com/tochemey/goakt-mcp/internal/egress/stdio/executor.go:116.2,117.32 2 1
github.com/tochemey/goakt-mcp/internal/egress/stdio/executor.go:117.32,119.3 1 0
github.com/tochemey/goakt-mcp/internal/egress/stdio/executor.go:120.2,126.24 5 1
github.com/tochemey/goakt-mcp/internal/egress/stdio/executor.go:126.24,130.3 3 1
github.com/tochemey/goakt-mcp/internal/egress/stdio/executor.go:132.2,133.16 2 1
github.com/tochemey/goakt-mcp/internal/egress/stdio/executor.go:133.16,135.3 1 1
github.com/tochemey/goakt-mcp/internal/egress/stdio/executor.go:137.2,137.56 1 0
github.com/tochemey/goakt-mcp/internal/egress/stdio/executor.go:140.49,142.21 2 1
github.com/tochemey/goakt-mcp/internal/egress/stdio/executor.go:142.21,144.3 1 1
github.com/tochemey/goakt-mcp/internal/egress/stdio/executor.go:145.2,147.25 3 1
github.com/tochemey/goakt-mcp/internal/egress/stdio/executor.go:147.25,148.31 1 1
github.com/tochemey/goakt-mcp/internal/egress/stdio/executor.go:148.31,149.19 1 1
github.com/tochemey/goakt-mcp/internal/egress/stdio/executor.go:149.19,151.32 2 1
github.com/tochemey/goakt-mcp/internal/egress/stdio/executor.go:151.32,154.6 2 1
github.com/tochemey/goakt-mcp/internal/egress/stdio/executor.go:154.11,156.6 1 1
github.com/tochemey/goakt-mcp/internal/egress/stdio/executor.go:157.5,157.10 1 1
github.com/tochemey/goakt-mcp/internal/egress/stdio/executor.go:161.2,161.26 1 1
github.com/tochemey/goakt-mcp/internal/egress/stdio/executor.go:161.26,162.28 1 1
github.com/tochemey/goakt-mcp/internal/egress/stdio/executor.go:162.28,164.4 1 1
github.com/tochemey/goakt-mcp/internal/egress/stdio/executor.go:166.2,166.12 1 1
github.com/tochemey/goakt-mcp/internal/egress/stdio/factory.go:41.82,42.25 1 1
github.com/tochemey/goakt-mcp/internal/egress/stdio/factory.go:42.25,44.3 1 1
github.com/tochemey/goakt-mcp/internal/egress/stdio/factory.go:45.2,45.62 1 1
github.com/tochemey/goakt-mcp/internal/egress/stdio/factory.go:50.122,51.42 1 1
github.com/tochemey/goakt-mcp/internal/egress/stdio/factory.go:51.42,53.3 1 1
github.com/tochemey/goakt-mcp/internal/egress/stdio/factory.go:54.2,54.55 1 0
github.com/tochemey/goakt-mcp/internal/runtime/credentials_messages.go:41.41,43.2 1 1
github.com/tochemey/goakt-mcp/internal/runtime/actor/credential_broker.go:71.46,73.2 1 1
github.com/tochemey/goakt-mcp/internal/runtime/actor/credential_broker.go:76.68,84.2 7 1
github.com/tochemey/goakt-mcp/internal/runtime/actor/credential_broker.go:87.68,88.37 1 1
github.com/tochemey/goakt-mcp/internal/runtime/actor/credential_broker.go:89.29,90.72 1 1
github.com/tochemey/goakt-mcp/internal/runtime/actor/credential_broker.go:91.31,92.28 1 1
github.com/tochemey/goakt-mcp/internal/runtime/actor/credential_broker.go:93.10,94.18 1 1
github.com/tochemey/goakt-mcp/internal/runtime/actor/credential_broker.go:101.68,105.2 3 1
github.com/tochemey/goakt-mcp/internal/runtime/actor/credential_broker.go:111.103,114.78 2 1
github.com/tochemey/goakt-mcp/internal/runtime/actor/credential_broker.go:114.78,119.3 4 1
github.com/tochemey/goakt-mcp/internal/runtime/actor/credential_broker.go:121.2,123.39 3 1
github.com/tochemey/goakt-mcp/internal/runtime/actor/credential_broker.go:123.39,125.17 2 1
github.com/tochemey/goakt-mcp/internal/runtime/actor/credential_broker.go:125.17,127.12 2 1
github.com/tochemey/goakt-mcp/internal/runtime/actor/credential_broker.go:130.3,130.44 1 1
github.com/tochemey/goakt-mcp/internal/runtime/actor/credential_broker.go:130.44,132.9 2 1
github.com/tochemey/goakt-mcp/internal/runtime/actor/credential_broker.go:136.2,136.24 1 1
github.com/tochemey/goakt-mcp/internal/runtime/actor/credential_broker.go:136.24,141.3 2 1
github.com/tochemey/goakt-mcp/internal/runtime/actor/credential_broker.go:143.2,154.5 4 1
github.com/tochemey/goakt-mcp/internal/runtime/actor/gateway_manager.go:65.42,67.2 1 1
github.com/tochemey/goakt-mcp/internal/runtime/actor/gateway_manager.go:72.66,77.2 3 1
github.com/tochemey/goakt-mcp/internal/runtime/actor/gateway_manager.go:84.66,85.30 1 1
github.com/tochemey/goakt-mcp/internal/runtime/actor/gateway_manager.go:86.29,87.33 1 1
github.com/tochemey/goakt-mcp/internal/runtime/actor/gateway_manager.go:88.10,89.18 1 1
github.com/tochemey/goakt-mcp/internal/runtime/actor/gateway_manager.go:94.66,97.2 2 1
github.com/tochemey/goakt-mcp/internal/runtime/actor/gateway_manager.go:106.82,133.23 13 1
github.com/tochemey/goakt-mcp/internal/runtime/actor/gateway_manager.go:133.23,135.3 1 1
github.com/tochemey/goakt-mcp/internal/runtime/actor/gateway_manager.go:135.8,140.3 4 1
github.com/tochemey/goakt-mcp/internal/runtime/actor/gateway_manager.go:143.2,143.29 1 1
github.com/tochemey/goakt-mcp/internal/runtime/actor/gateway_manager.go:143.29,145.3 1 0
github.com/tochemey/goakt-mcp/internal/runtime/actor/gateway_manager.go:147.2,147.85 1 1
github.com/tochemey/goakt-mcp/internal/runtime/actor/gateway_manager.go:152.96,154.2 1 1
github.com/tochemey/goakt-mcp/internal/runtime/actor/gateway_manager.go:158.89,159.43 1 1
github.com/tochemey/goakt-mcp/internal/runtime/actor/gateway_manager.go:159.43,163.43 3 0
github.com/tochemey/goakt-mcp/internal/runtime/actor/gateway_manager.go:163.43,165.4 1 0
github.com/tochemey/goakt-mcp/internal/runtime/actor/gateway_manager.go:167.3,168.17 2 0
github.com/tochemey/goakt-mcp/internal/runtime/actor/gateway_manager.go:168.17,169.61 1 0
github.com/tochemey/goakt-mcp/internal/runtime/actor/gateway_manager.go:169.61,172.19 2 0
github.com/tochemey/goakt-mcp/internal/runtime/actor/gateway_manager.go:172.19,175.6 2 0
github.com/tochemey/goakt-mcp/internal/runtime/actor/gateway_manager.go:177.5,177.15 1 0
github.com/tochemey/goakt-mcp/internal/runtime/actor/gateway_manager.go:180.4,181.14 2 0
github.com/tochemey/goakt-mcp/internal/runtime/actor/gateway_manager.go:183.3,183.13 1 0
github.com/tochemey/goakt-mcp/internal/runtime/actor/gateway_manager.go:185.2,185.58 1 1
github.com/tochemey/goakt-mcp/internal/runtime/actor/gateway_manager.go:189.63,190.24 1 1
github.com/tochemey/goakt-mcp/internal/runtime/actor/gateway_manager.go:190.24,191.29 1 1
github.com/tochemey/goakt-mcp/internal/runtime/actor/gateway_manager.go:192.26,193.22 1 1
github.com/tochemey/goakt-mcp/internal/runtime/actor/gateway_manager.go:194.24,195.22 1 0
github.com/tochemey/goakt-mcp/internal/runtime/actor/gateway_manager.go:196.11,197.22 1 1
github.com/tochemey/goakt-mcp/internal/runtime/actor/gateway_manager.go:200.2,200.30 1 1
github.com/tochemey/goakt-mcp/internal/runtime/actor/gateway_manager.go:205.54,206.32 1 1
github.com/tochemey/goakt-mcp/internal/runtime/actor/gateway_manager.go:206.32,207.54 1 1
github.com/tochemey/goakt-mcp/internal/runtime/actor/gateway_manager.go:207.54,209.4 1 0
github.com/tochemey/goakt-mcp/internal/runtime/actor/gateway_manager.go:211.2,211.14 1 1
github.com/tochemey/goakt-mcp/internal/runtime/actor/health.go:68.40,70.2 1 1
github.com/tochemey/goakt-mcp/internal/runtime/actor/health.go:73.65,79.2 5 1
github.com/tochemey/goakt-mcp/internal/runtime/actor/health.go:82.65,83.30 1 1
github.com/tochemey/goakt-mcp/internal/runtime/actor/health.go:84.29,87.22 3 1
github.com/tochemey/goakt-mcp/internal/runtime/actor/health.go:88.18,89.19 1 1
github.com/tochemey/goakt-mcp/internal/runtime/actor/health.go:90.10,91.18 1 1
github.com/tochemey/goakt-mcp/internal/runtime/actor/health.go:96.65,99.2 2 1
github.com/tochemey/goakt-mcp/internal/runtime/actor/health.go:103.71,109.16 4 1
github.com/tochemey/goakt-mcp/internal/runtime/actor/health.go:109.16,112.3 2 0
github.com/tochemey/goakt-mcp/internal/runtime/actor/health.go:115.2,116.16 2 1
github.com/tochemey/goakt-mcp/internal/runtime/actor/health.go:116.16,119.3 2 0
github.com/tochemey/goakt-mcp/internal/runtime/actor/health.go:122.2,123.25 2 1
github.com/tochemey/goakt-mcp/internal/runtime/actor/health.go:128.67,129.52 1 1
github.com/tochemey/goakt-mcp/internal/runtime/actor/health.go:129.52,132.3 2 1
github.com/tochemey/goakt-mcp/internal/runtime/actor/health.go:134.2,138.16 4 1
github.com/tochemey/goakt-mcp/internal/runtime/actor/health.go:138.16,142.3 3 0
github.com/tochemey/goakt-mcp/internal/runtime/actor/health.go:144.2,145.30 2 1
github.com/tochemey/goakt-mcp/internal/runtime/actor/health.go:145.30,148.3 2 0
github.com/tochemey/goakt-mcp/internal/runtime/actor/health.go:150.2,150.40 1 1
github.com/tochemey/goakt-mcp/internal/runtime/actor/health.go:150.40,151.42 1 1
github.com/tochemey/goakt-mcp/internal/runtime/actor/health.go:151.42,152.12 1 1
github.com/tochemey/goakt-mcp/internal/runtime/actor/health.go:154.3,155.26 2 1
github.com/tochemey/goakt-mcp/internal/runtime/actor/health.go:155.26,159.4 3 1
github.com/tochemey/goakt-mcp/internal/runtime/actor/health.go:162.2,162.21 1 1
github.com/tochemey/goakt-mcp/internal/runtime/actor/health.go:166.85,168.16 2 1
github.com/tochemey/goakt-mcp/internal/runtime/actor/health.go:168.16,170.3 1 0
github.com/tochemey/goakt-mcp/internal/runtime/actor/health.go:172.2,173.58 2 1
github.com/tochemey/goakt-mcp/internal/runtime/actor/health.go:173.58,175.3 1 0
github.com/tochemey/goakt-mcp/internal/runtime/actor/health.go:177.2,178.36 2 1
github.com/tochemey/goakt-mcp/internal/runtime/actor/health.go:178.36,180.3 1 0
github.com/tochemey/goakt-mcp/internal/runtime/actor/health.go:182.2,183.16 2 1
github.com/tochemey/goakt-mcp/internal/runtime/actor/health.go:183.16,185.3 1 0
github.com/tochemey/goakt-mcp/internal/runtime/actor/health.go:187.2,188.9 2 1
github.com/tochemey/goakt-mcp/internal/runtime/actor/health.go:188.9,190.3 1 0
github.com/tochemey/goakt-mcp/internal/runtime/actor/health.go:192.2,192.25 1 1
github.com/tochemey/goakt-mcp/internal/runtime/actor/health.go:192.25,194.3 1 1
github.com/tochemey/goakt-mcp/internal/runtime/actor/health.go:196.2,197.77 2 0
github.com/tochemey/goakt-mcp/internal/runtime/actor/health.go:197.77,199.3 1 0
github.com/tochemey/goakt-mcp/internal/runtime/actor/health.go:201.2,201.83 1 0
github.com/tochemey/goakt-mcp/internal/runtime/actor/health.go:201.83,203.3 1 0
github.com/tochemey/goakt-mcp/internal/runtime/actor/health.go:204.2,204.19 1 0
github.com/tochemey/goakt-mcp/internal/runtime/actor/health.go:208.70,209.21 1 1
github.com/tochemey/goakt-mcp/internal/runtime/actor/health.go:209.21,211.3 1 1
github.com/tochemey/goakt-mcp/internal/runtime/actor/health.go:213.2,214.94 2 1
github.com/tochemey/goakt-mcp/internal/runtime/actor/health.go:214.94,217.3 2 0
github.com/tochemey/goakt-mcp/internal/runtime/actor/health.go:221.83,222.48 1 1
github.com/tochemey/goakt-mcp/internal/runtime/actor/health.go:222.48,224.3 1 0
github.com/tochemey/goakt-mcp/internal/runtime/actor/health.go:225.2,226.92 2 1
github.com/tochemey/goakt-mcp/internal/runtime/actor/journal.go:60.32,62.2 1 1
github.com/tochemey/goakt-mcp/internal/runtime/actor/journal.go:65.61,71.2 5 1
github.com/tochemey/goakt-mcp/internal/runtime/actor/journal.go:74.61,75.37 1 1
github.com/tochemey/goakt-mcp/internal/runtime/actor/journal.go:76.29,77.59 1 1
github.com/tochemey/goakt-mcp/internal/runtime/actor/journal.go:78.33,79.32 1 1
github.com/tochemey/goakt-mcp/internal/runtime/actor/journal.go:80.10,81.18 1 1
github.com/tochemey/goakt-mcp/internal/runtime/actor/journal.go:86.61,87.19 1 1
github.com/tochemey/goakt-mcp/internal/runtime/actor/journal.go:87.19,89.3 1 1
github.com/tochemey/goakt-mcp/internal/runtime/actor/journal.go:90.2,91.12 2 1
github.com/tochemey/goakt-mcp/internal/runtime/actor/journal.go:97.75,98.39 1 1
github.com/tochemey/goakt-mcp/internal/runtime/actor/journal.go:98.39,100.3 1 1
github.com/tochemey/goakt-mcp/internal/runtime/actor/journal.go:101.2,101.48 1 1
github.com/tochemey/goakt-mcp/internal/runtime/actor/journal.go:101.48,103.3 1 1
github.com/tochemey/goakt-mcp/internal/runtime/actor/policy.go:68.56,74.2 1 1
github.com/tochemey/goakt-mcp/internal/runtime/actor/policy.go:77.63,81.2 3 1
github.com/tochemey/goakt-mcp/internal/runtime/actor/policy.go:84.63,85.37 1 1
github.com/tochemey/goakt-mcp/internal/runtime/actor/policy.go:86.29,87.62 1 1
github.com/tochemey/goakt-mcp/internal/runtime/actor/policy.go:88.31,89.29 1 1
github.com/tochemey/goakt-mcp/internal/runtime/actor/policy.go:90.10,91.18 1 1
github.com/tochemey/goakt-mcp/internal/runtime/actor/policy.go:96.63,99.2 2 1
github.com/tochemey/goakt-mcp/internal/runtime/actor/policy.go:104.99,105.22 1 1
github.com/tochemey/goakt-mcp/internal/runtime/actor/policy.go:105.22,114.3 2 0
github.com/tochemey/goakt-mcp/internal/runtime/actor/policy.go:116.2,120.31 4 1
github.com/tochemey/goakt-mcp/internal/runtime/actor/policy.go:120.31,123.3 2 1
github.com/tochemey/goakt-mcp/internal/runtime/actor/policy.go:127.2,131.22 4 1
github.com/tochemey/goakt-mcp/internal/runtime/actor/policy.go:131.22,133.3 1 1
github.com/tochemey/goakt-mcp/internal/runtime/actor/policy.go:134.2,134.54 1 1
github.com/tochemey/goakt-mcp/internal/runtime/actor/policy.go:139.86,140.34 1 1
github.com/tochemey/goakt-mcp/internal/runtime/actor/policy.go:140.34,142.24 2 1
github.com/tochemey/goakt-mcp/internal/runtime/actor/policy.go:142.24,144.4 1 1
github.com/tochemey/goakt-mcp/internal/runtime/actor/policy.go:146.2,146.12 1 1
github.com/tochemey/goakt-mcp/internal/runtime/actor/registrar.go:63.32,65.2 1 1
github.com/tochemey/goakt-mcp/internal/runtime/actor/registrar.go:69.38,69.63 1 1
github.com/tochemey/goakt-mcp/internal/runtime/actor/registrar.go:72.61,78.2 5 1
github.com/tochemey/goakt-mcp/internal/runtime/actor/registrar.go:81.61,82.37 1 1
github.com/tochemey/goakt-mcp/internal/runtime/actor/registrar.go:83.29,84.61 1 1
github.com/tochemey/goakt-mcp/internal/runtime/actor/registrar.go:85.29,86.33 1 1
github.com/tochemey/goakt-mcp/internal/runtime/actor/registrar.go:87.27,88.31 1 1
github.com/tochemey/goakt-mcp/internal/runtime/actor/registrar.go:89.28,90.32 1 1
github.com/tochemey/goakt-mcp/internal/runtime/actor/registrar.go:91.27,92.31 1 1
github.com/tochemey/goakt-mcp/internal/runtime/actor/registrar.go:93.26,94.30 1 1
github.com/tochemey/goakt-mcp/internal/runtime/actor/registrar.go:95.33,96.37 1 1
github.com/tochemey/goakt-mcp/internal/runtime/actor/registrar.go:97.31,98.35 1 1
github.com/tochemey/goakt-mcp/internal/runtime/actor/registrar.go:99.30,100.34 1 1
github.com/tochemey/goakt-mcp/internal/runtime/actor/registrar.go:101.26,102.25 1 1
github.com/tochemey/goakt-mcp/internal/runtime/actor/registrar.go:103.39,104.43 1 1
github.com/tochemey/goakt-mcp/internal/runtime/actor/registrar.go:105.10,106.18 1 1
github.com/tochemey/goakt-mcp/internal/runtime/actor/registrar.go:111.61,114.2 2 1
github.com/tochemey/goakt-mcp/internal/runtime/actor/registrar.go:119.99,120.51 1 1
github.com/tochemey/goakt-mcp/internal/runtime/actor/registrar.go:120.51,123.3 2 1
github.com/tochemey/goakt-mcp/internal/runtime/actor/registrar.go:125.2,126.85 2 1
github.com/tochemey/goakt-mcp/internal/runtime/actor/registrar.go:126.85,128.3 1 0
github.com/tochemey/goakt-mcp/internal/runtime/actor/registrar.go:130.2,133.16 4 1
github.com/tochemey/goakt-mcp/internal/runtime/actor/registrar.go:133.16,135.3 1 1
github.com/tochemey/goakt-mcp/internal/runtime/actor/registrar.go:137.2,138.52 2 1
github.com/tochemey/goakt-mcp/internal/runtime/actor/registrar.go:144.95,146.9 2 1
github.com/tochemey/goakt-mcp/internal/runtime/actor/registrar.go:146.9,149.3 2 1
github.com/tochemey/goakt-mcp/internal/runtime/actor/registrar.go:151.2,157.50 6 1
github.com/tochemey/goakt-mcp/internal/runtime/actor/registrar.go:157.50,160.3 2 0
github.com/tochemey/goakt-mcp/internal/runtime/actor/registrar.go:162.2,165.50 4 1
github.com/tochemey/goakt-mcp/internal/runtime/actor/registrar.go:171.97,173.9 2 1
github.com/tochemey/goakt-mcp/internal/runtime/actor/registrar.go:173.9,176.3 2 1
github.com/tochemey/goakt-mcp/internal/runtime/actor/registrar.go:178.2,181.51 4 1
github.com/tochemey/goakt-mcp/internal/runtime/actor/registrar.go:186.95,187.39 1 1
github.com/tochemey/goakt-mcp/internal/runtime/actor/registrar.go:187.39,190.3 2 1
github.com/tochemey/goakt-mcp/internal/runtime/actor/registrar.go:192.2,196.50 5 1
github.com/tochemey/goakt-mcp/internal/runtime/actor/registrar.go:201.93,203.9 2 1
github.com/tochemey/goakt-mcp/internal/runtime/actor/registrar.go:203.9,206.3 2 1
github.com/tochemey/goakt-mcp/internal/runtime/actor/registrar.go:207.2,207.73 1 1
github.com/tochemey/goakt-mcp/internal/runtime/actor/registrar.go:213.107,215.9 2 1
github.com/tochemey/goakt-mcp/internal/runtime/actor/registrar.go:215.9,218.3 2 1
github.com/tochemey/goakt-mcp/internal/runtime/actor/registrar.go:219.2,222.56 4 1
github.com/tochemey/goakt-mcp/internal/runtime/actor/registrar.go:228.103,229.33 1 1
github.com/tochemey/goakt-mcp/internal/runtime/actor/registrar.go:229.33,230.48 1 1
github.com/tochemey/goakt-mcp/internal/runtime/actor/registrar.go:230.48,232.12 2 0
github.com/tochemey/goakt-mcp/internal/runtime/actor/registrar.go:234.3,236.54 3 1
github.com/tochemey/goakt-mcp/internal/runtime/actor/registrar.go:236.54,238.4 1 1
github.com/tochemey/goakt-mcp/internal/runtime/actor/registrar.go:239.3,239.91 1 1
github.com/tochemey/goakt-mcp/internal/runtime/actor/registrar.go:245.101,247.9 2 1
github.com/tochemey/goakt-mcp/internal/runtime/actor/registrar.go:247.9,250.3 2 1
github.com/tochemey/goakt-mcp/internal/runtime/actor/registrar.go:251.2,251.81 1 1
github.com/tochemey/goakt-mcp/internal/runtime/actor/registrar.go:255.69,257.28 2 1
github.com/tochemey/goakt-mcp/internal/runtime/actor/registrar.go:257.28,259.3 1 1
github.com/tochemey/goakt-mcp/internal/runtime/actor/registrar.go:260.2,260.61 1 1
github.com/tochemey/goakt-mcp/internal/runtime/actor/registrar.go:265.119,267.43 2 1
github.com/tochemey/goakt-mcp/internal/runtime/actor/registrar.go:267.43,268.51 1 1
github.com/tochemey/goakt-mcp/internal/runtime/actor/registrar.go:268.51,269.12 1 0
github.com/tochemey/goakt-mcp/internal/runtime/actor/registrar.go:272.3,273.17 2 1
github.com/tochemey/goakt-mcp/internal/runtime/actor/registrar.go:273.17,274.12 1 0
github.com/tochemey/goakt-mcp/internal/runtime/actor/registrar.go:277.3,277.79 1 1
github.com/tochemey/goakt-mcp/internal/runtime/actor/registrar.go:277.79,279.4 1 1
github.com/tochemey/goakt-mcp/internal/runtime/actor/registrar.go:281.2,281.74 1 1
github.com/tochemey/goakt-mcp/internal/runtime/actor/registrar.go:289.100,290.132 1 1
github.com/tochemey/goakt-mcp/internal/runtime/actor/registrar.go:290.132,292.3 1 1
github.com/tochemey/goakt-mcp/internal/runtime/actor/registrar.go:293.2,295.88 3 1
github.com/tochemey/goakt-mcp/internal/runtime/actor/registrar.go:301.95,302.42 1 1
github.com/tochemey/goakt-mcp/internal/runtime/actor/registrar.go:302.42,305.3 2 1
github.com/tochemey/goakt-mcp/internal/runtime/actor/registrar.go:306.2,306.132 1 1
github.com/tochemey/goakt-mcp/internal/runtime/actor/registrar.go:306.132,308.3 1 1
github.com/tochemey/goakt-mcp/internal/runtime/actor/registrar.go:313.76,315.2 1 1
github.com/tochemey/goakt-mcp/internal/runtime/actor/router.go:81.31,83.2 1 1
github.com/tochemey/goakt-mcp/internal/runtime/actor/router.go:86.58,92.2 5 1
github.com/tochemey/goakt-mcp/internal/runtime/actor/router.go:95.58,96.37 1 1
github.com/tochemey/goakt-mcp/internal/runtime/actor/router.go:97.29,99.23 2 1
github.com/tochemey/goakt-mcp/internal/runtime/actor/router.go:100.32,101.36 1 1
github.com/tochemey/goakt-mcp/internal/runtime/actor/router.go:102.10,103.18 1 0
github.com/tochemey/goakt-mcp/internal/runtime/actor/router.go:108.58,111.2 2 1
github.com/tochemey/goakt-mcp/internal/runtime/actor/router.go:115.64,121.16 4 1
github.com/tochemey/goakt-mcp/internal/runtime/actor/router.go:121.16,124.3 2 0
github.com/tochemey/goakt-mcp/internal/runtime/actor/router.go:127.2,128.16 2 1
github.com/tochemey/goakt-mcp/internal/runtime/actor/router.go:128.16,131.3 2 0
github.com/tochemey/goakt-mcp/internal/runtime/actor/router.go:134.2,135.16 2 1
github.com/tochemey/goakt-mcp/internal/runtime/actor/router.go:135.16,138.3 2 0
github.com/tochemey/goakt-mcp/internal/runtime/actor/router.go:141.2,142.16 2 1
github.com/tochemey/goakt-mcp/internal/runtime/actor/router.go:142.16,145.3 2 0
github.com/tochemey/goakt-mcp/internal/runtime/actor/router.go:148.2,151.39 4 1
github.com/tochemey/goakt-mcp/internal/runtime/actor/router.go:159.102,160.50 1 1
github.com/tochemey/goakt-mcp/internal/runtime/actor/router.go:160.50,161.28 1 1
github.com/tochemey/goakt-mcp/internal/runtime/actor/router.go:161.28,163.4 1 1
github.com/tochemey/goakt-mcp/internal/runtime/actor/router.go:164.3,165.9 2 1
github.com/tochemey/goakt-mcp/internal/runtime/actor/router.go:167.2,177.46 5 1
github.com/tochemey/goakt-mcp/internal/runtime/actor/router.go:177.46,179.3 1 1
github.com/tochemey/goakt-mcp/internal/runtime/actor/router.go:180.2,191.32 6 1
github.com/tochemey/goakt-mcp/internal/runtime/actor/router.go:191.32,201.16 3 0
github.com/tochemey/goakt-mcp/internal/runtime/actor/router.go:201.16,202.23 1 0
github.com/tochemey/goakt-mcp/internal/runtime/actor/router.go:202.23,205.5 2 0
github.com/tochemey/goakt-mcp/internal/runtime/actor/router.go:206.4,206.14 1 0
github.com/tochemey/goakt-mcp/internal/runtime/actor/router.go:210.2,211.16 2 1
github.com/tochemey/goakt-mcp/internal/runtime/actor/router.go:211.16,217.3 5 1
github.com/tochemey/goakt-mcp/internal/runtime/actor/router.go:219.2,219.79 1 1
github.com/tochemey/goakt-mcp/internal/runtime/actor/router.go:219.79,222.58 3 1
github.com/tochemey/goakt-mcp/internal/runtime/actor/router.go:222.58,224.4 1 1
github.com/tochemey/goakt-mcp/internal/runtime/actor/router.go:225.3,228.9 4 1
github.com/tochemey/goakt-mcp/internal/runtime/actor/router.go:231.2,232.16 2 1
github.com/tochemey/goakt-mcp/internal/runtime/actor/router.go:232.16,238.3 5 0
github.com/tochemey/goakt-mcp/internal/runtime/actor/router.go:240.2,240.82 1 1
github.com/tochemey/goakt-mcp/internal/runtime/actor/router.go:240.82,243.58 3 1
github.com/tochemey/goakt-mcp/internal/runtime/actor/router.go:243.58,245.4 1 1
github.com/tochemey/goakt-mcp/internal/runtime/actor/router.go:246.3,249.9 4 1
github.com/tochemey/goakt-mcp/internal/runtime/actor/router.go:252.2,253.16 2 1
github.com/tochemey/goakt-mcp/internal/runtime/actor/router.go:253.16,259.3 5 1
github.com/tochemey/goakt-mcp/internal/runtime/actor/router.go:261.2,262.16 2 1
github.com/tochemey/goakt-mcp/internal/runtime/actor/router.go:262.16,268.3 5 0
github.com/tochemey/goakt-mcp/internal/runtime/actor/router.go:270.2,271.16 2 1
github.com/tochemey/goakt-mcp/internal/runtime/actor/router.go:271.16,274.58 3 0
github.com/tochemey/goakt-mcp/internal/runtime/actor/router.go:274.58,276.4 1 0
github.com/tochemey/goakt-mcp/internal/runtime/actor/router.go:277.3,280.9 4 0
github.com/tochemey/goakt-mcp/internal/runtime/actor/router.go:282.2,284.52 3 1
github.com/tochemey/goakt-mcp/internal/runtime/actor/router.go:288.73,289.27 1 1
github.com/tochemey/goakt-mcp/internal/runtime/actor/router.go:289.27,291.3 1 1
github.com/tochemey/goakt-mcp/internal/runtime/actor/router.go:292.2,292.36 1 1
github.com/tochemey/goakt-mcp/internal/runtime/actor/router.go:292.36,294.3 1 1
github.com/tochemey/goakt-mcp/internal/runtime/actor/router.go:295.2,295.12 1 1
github.com/tochemey/goakt-mcp/internal/runtime/actor/router.go:301.144,302.59 1 1
github.com/tochemey/goakt-mcp/internal/runtime/actor/router.go:302.59,304.3 1 1
github.com/tochemey/goakt-mcp/internal/runtime/actor/router.go:305.2,305.66 1 1
github.com/tochemey/goakt-mcp/internal/runtime/actor/router.go:305.66,307.3 1 0
github.com/tochemey/goakt-mcp/internal/runtime/actor/router.go:308.2,312.16 2 1
github.com/tochemey/goakt-mcp/internal/runtime/actor/router.go:312.16,314.3 1 0
github.com/tochemey/goakt-mcp/internal/runtime/actor/router.go:315.2,316.31 2 1
github.com/tochemey/goakt-mcp/internal/runtime/actor/router.go:316.31,317.41 1 1
github.com/tochemey/goakt-mcp/internal/runtime/actor/router.go:317.41,319.4 1 1
github.com/tochemey/goakt-mcp/internal/runtime/actor/router.go:320.3,320.96 1 0
github.com/tochemey/goakt-mcp/internal/runtime/actor/router.go:322.2,324.22 3 1
github.com/tochemey/goakt-mcp/internal/runtime/actor/router.go:331.144,332.56 1 1
github.com/tochemey/goakt-mcp/internal/runtime/actor/router.go:332.56,334.3 1 0
github.com/tochemey/goakt-mcp/internal/runtime/actor/router.go:335.2,336.77 2 1
github.com/tochemey/goakt-mcp/internal/runtime/actor/router.go:336.77,337.135 1 0
github.com/tochemey/goakt-mcp/internal/runtime/actor/router.go:337.135,338.70 1 0
github.com/tochemey/goakt-mcp/internal/runtime/actor/router.go:338.70,340.5 1 0
github.com/tochemey/goakt-mcp/internal/runtime/actor/router.go:343.2,351.16 3 1
github.com/tochemey/goakt-mcp/internal/runtime/actor/router.go:351.16,353.3 1 0
github.com/tochemey/goakt-mcp/internal/runtime/actor/router.go:354.2,355.37 2 1
github.com/tochemey/goakt-mcp/internal/runtime/actor/router.go:355.37,356.48 1 1
github.com/tochemey/goakt-mcp/internal/runtime/actor/router.go:356.48,358.4 1 1
github.com/tochemey/goakt-mcp/internal/runtime/actor/router.go:359.3,359.82 1 0
github.com/tochemey/goakt-mcp/internal/runtime/actor/router.go:361.2,361.12 1 1
github.com/tochemey/goakt-mcp/internal/runtime/actor/router.go:366.88,369.23 3 1
github.com/tochemey/goakt-mcp/internal/runtime/actor/router.go:369.23,371.3 1 0
github.com/tochemey/goakt-mcp/internal/runtime/actor/router.go:372.2,372.23 1 1
github.com/tochemey/goakt-mcp/internal/runtime/actor/router.go:372.23,374.3 1 0
github.com/tochemey/goakt-mcp/internal/runtime/actor/router.go:375.2,375.27 1 1
github.com/tochemey/goakt-mcp/internal/runtime/actor/router.go:380.89,382.16 2 1
github.com/tochemey/goakt-mcp/internal/runtime/actor/router.go:382.16,384.3 1 0
github.com/tochemey/goakt-mcp/internal/runtime/actor/router.go:385.2,386.50 2 1
github.com/tochemey/goakt-mcp/internal/runtime/actor/router.go:386.50,388.3 1 1
github.com/tochemey/goakt-mcp/internal/runtime/actor/router.go:389.2,389.27 1 1
github.com/tochemey/goakt-mcp/internal/runtime/actor/router.go:394.102,396.16 2 1
github.com/tochemey/goakt-mcp/internal/runtime/actor/router.go:396.16,398.3 1 0
github.com/tochemey/goakt-mcp/internal/runtime/actor/router.go:399.2,400.58 2 1
github.com/tochemey/goakt-mcp/internal/runtime/actor/router.go:400.58,402.3 1 0
github.com/tochemey/goakt-mcp/internal/runtime/actor/router.go:403.2,404.39 2 1
github.com/tochemey/goakt-mcp/internal/runtime/actor/router.go:404.39,406.3 1 0
github.com/tochemey/goakt-mcp/internal/runtime/actor/router.go:407.2,407.27 1 1
github.com/tochemey/goakt-mcp/internal/runtime/actor/router.go:414.128,416.16 2 1
github.com/tochemey/goakt-mcp/internal/runtime/actor/router.go:416.16,418.3 1 0
github.com/tochemey/goakt-mcp/internal/runtime/actor/router.go:419.2,420.33 2 1
github.com/tochemey/goakt-mcp/internal/runtime/actor/router.go:420.33,422.55 2 1
github.com/tochemey/goakt-mcp/internal/runtime/actor/router.go:422.55,424.4 1 1
github.com/tochemey/goakt-mcp/internal/runtime/actor/router.go:425.3,425.10 1 1
github.com/tochemey/goakt-mcp/internal/runtime/actor/router.go:426.44,427.63 1 1
github.com/tochemey/goakt-mcp/internal/runtime/actor/router.go:428.115,429.74 1 0
github.com/tochemey/goakt-mcp/internal/runtime/actor/router.go:430.11,431.66 1 1
github.com/tochemey/goakt-mcp/internal/runtime/actor/router.go:434.2,434.12 1 1
github.com/tochemey/goakt-mcp/internal/runtime/actor/router.go:439.202,446.16 2 1
github.com/tochemey/goakt-mcp/internal/runtime/actor/router.go:446.16,448.3 1 0
github.com/tochemey/goakt-mcp/internal/runtime/actor/router.go:449.2,450.59 2 1
github.com/tochemey/goakt-mcp/internal/runtime/actor/router.go:450.59,452.49 2 0
github.com/tochemey/goakt-mcp/internal/runtime/actor/router.go:452.49,454.4 1 0
github.com/tochemey/goakt-mcp/internal/runtime/actor/router.go:455.3,455.18 1 0
github.com/tochemey/goakt-mcp/internal/runtime/actor/router.go:457.2,458.36 2 1
github.com/tochemey/goakt-mcp/internal/runtime/actor/router.go:458.36,460.3 1 0
github.com/tochemey/goakt-mcp/internal/runtime/actor/router.go:461.2,461.24 1 1
github.com/tochemey/goakt-mcp/internal/runtime/actor/router.go:466.153,468.22 2 1
github.com/tochemey/goakt-mcp/internal/runtime/actor/router.go:468.22,470.3 1 1
github.com/tochemey/goakt-mcp/internal/runtime/actor/router.go:471.2,472.16 2 1
github.com/tochemey/goakt-mcp/internal/runtime/actor/router.go:472.16,474.3 1 0
github.com/tochemey/goakt-mcp/internal/runtime/actor/router.go:475.2,476.9 2 1
github.com/tochemey/goakt-mcp/internal/runtime/actor/router.go:476.9,478.3 1 0
github.com/tochemey/goakt-mcp/internal/runtime/actor/router.go:479.2,479.30 1 1
github.com/tochemey/goakt-mcp/internal/runtime/actor/router.go:479.30,481.42 2 0
github.com/tochemey/goakt-mcp/internal/runtime/actor/router.go:481.42,483.4 1 0
github.com/tochemey/goakt-mcp/internal/runtime/actor/router.go:484.3,484.92 1 0
github.com/tochemey/goakt-mcp/internal/runtime/actor/router.go:486.2,486.34 1 1
github.com/tochemey/goakt-mcp/internal/runtime/actor/router.go:491.58,492.52 1 1
github.com/tochemey/goakt-mcp/internal/runtime/actor/router.go:492.52,494.3 1 0
github.com/tochemey/goakt-mcp/internal/runtime/actor/router.go:495.2,495.97 1 1
github.com/tochemey/goakt-mcp/internal/runtime/actor/router.go:500.122,501.16 1 1
github.com/tochemey/goakt-mcp/internal/runtime/actor/router.go:501.16,503.3 1 0
github.com/tochemey/goakt-mcp/internal/runtime/actor/router.go:504.2,515.3 1 1
github.com/tochemey/goakt-mcp/internal/runtime/actor/router.go:521.41,522.16 1 1
github.com/tochemey/goakt-mcp/internal/runtime/actor/router.go:522.16,524.3 1 0
github.com/tochemey/goakt-mcp/internal/runtime/actor/router.go:525.2,526.25 2 1
github.com/tochemey/goakt-mcp/internal/runtime/actor/router.go:526.25,527.18 1 1
github.com/tochemey/goakt-mcp/internal/runtime/actor/router.go:528.32,529.17 1 1
github.com/tochemey/goakt-mcp/internal/runtime/actor/router.go:530.93,531.21 1 1
github.com/tochemey/goakt-mcp/internal/runtime/actor/router.go:534.2,534.16 1 0
github.com/tochemey/goakt-mcp/internal/runtime/actor/session.go:83.28,85.2 1 1
github.com/tochemey/goakt-mcp/internal/runtime/actor/session.go:88.59,92.23 3 1
github.com/tochemey/goakt-mcp/internal/runtime/actor/session.go:92.23,93.68 1 1
github.com/tochemey/goakt-mcp/internal/runtime/actor/session.go:93.68,99.4 5 1
github.com/tochemey/goakt-mcp/internal/runtime/actor/session.go:102.2,102.23 1 1
github.com/tochemey/goakt-mcp/internal/runtime/actor/session.go:102.23,104.3 1 0
github.com/tochemey/goakt-mcp/internal/runtime/actor/session.go:106.2,107.12 2 1
github.com/tochemey/goakt-mcp/internal/runtime/actor/session.go:111.59,112.37 1 1
github.com/tochemey/goakt-mcp/internal/runtime/actor/session.go:113.29,114.89 1 1
github.com/tochemey/goakt-mcp/internal/runtime/actor/session.go:115.30,116.34 1 1
github.com/tochemey/goakt-mcp/internal/runtime/actor/session.go:117.10,118.18 1 0
github.com/tochemey/goakt-mcp/internal/runtime/actor/session.go:124.59,125.23 1 1
github.com/tochemey/goakt-mcp/internal/runtime/actor/session.go:125.23,127.3 1 0
github.com/tochemey/goakt-mcp/internal/runtime/actor/session.go:128.2,129.12 2 1
github.com/tochemey/goakt-mcp/internal/runtime/actor/session.go:136.99,137.27 1 1
github.com/tochemey/goakt-mcp/internal/runtime/actor/session.go:137.27,140.3 2 1
github.com/tochemey/goakt-mcp/internal/runtime/actor/session.go:141.2,141.39 1 1
github.com/tochemey/goakt-mcp/internal/runtime/actor/session.go:141.39,144.3 2 1
github.com/tochemey/goakt-mcp/internal/runtime/actor/session.go:146.2,155.46 3 1
github.com/tochemey/goakt-mcp/internal/runtime/actor/session.go:155.46,157.3 1 1
github.com/tochemey/goakt-mcp/internal/runtime/actor/session.go:161.2,166.23 4 1
github.com/tochemey/goakt-mcp/internal/runtime/actor/session.go:166.23,169.19 3 0
github.com/tochemey/goakt-mcp/internal/runtime/actor/session.go:169.19,171.4 1 0
github.com/tochemey/goakt-mcp/internal/runtime/actor/session.go:172.3,177.33 5 0
github.com/tochemey/goakt-mcp/internal/runtime/actor/session.go:177.33,187.17 3 0
github.com/tochemey/goakt-mcp/internal/runtime/actor/session.go:187.17,188.19 1 0
github.com/tochemey/goakt-mcp/internal/runtime/actor/session.go:188.19,191.6 2 0
github.com/tochemey/goakt-mcp/internal/runtime/actor/session.go:192.5,192.15 1 0
github.com/tochemey/goakt-mcp/internal/runtime/actor/session.go:196.3,198.17 3 0
github.com/tochemey/goakt-mcp/internal/runtime/actor/session.go:198.17,206.4 2 0
github.com/tochemey/goakt-mcp/internal/runtime/actor/session.go:206.9,206.51 1 0
github.com/tochemey/goakt-mcp/internal/runtime/actor/session.go:206.51,208.4 1 0
github.com/tochemey/goakt-mcp/internal/runtime/actor/session.go:209.8,217.3 1 1
github.com/tochemey/goakt-mcp/internal/runtime/actor/session.go:219.2,226.81 3 1
github.com/tochemey/goakt-mcp/internal/runtime/actor/session.go:233.106,235.42 2 1
github.com/tochemey/goakt-mcp/internal/runtime/actor/session.go:235.42,237.3 1 0
github.com/tochemey/goakt-mcp/internal/runtime/actor/session.go:238.2,239.13 2 1
github.com/tochemey/goakt-mcp/internal/runtime/actor/session.go:239.13,241.3 1 1
github.com/tochemey/goakt-mcp/internal/runtime/actor/session.go:241.8,243.3 1 0
github.com/tochemey/goakt-mcp/internal/runtime/actor/tool_supervisor.go:82.42,84.2 1 1
github.com/tochemey/goakt-mcp/internal/runtime/actor/tool_supervisor.go:88.66,97.2 4 1
github.com/tochemey/goakt-mcp/internal/runtime/actor/tool_supervisor.go:100.66,101.37 1 1
github.com/tochemey/goakt-mcp/internal/runtime/actor/tool_supervisor.go:102.29,108.17 3 1
github.com/tochemey/goakt-mcp/internal/runtime/actor/tool_supervisor.go:108.17,112.4 3 1
github.com/tochemey/goakt-mcp/internal/runtime/actor/tool_supervisor.go:113.3,120.28 4 1
github.com/tochemey/goakt-mcp/internal/runtime/actor/tool_supervisor.go:120.28,124.4 3 1
github.com/tochemey/goakt-mcp/internal/runtime/actor/tool_supervisor.go:125.3,126.13 2 1
github.com/tochemey/goakt-mcp/internal/runtime/actor/tool_supervisor.go:126.13,130.4 3 1
github.com/tochemey/goakt-mcp/internal/runtime/actor/tool_supervisor.go:131.3,135.145 2 1
github.com/tochemey/goakt-mcp/internal/runtime/actor/tool_supervisor.go:135.145,137.4 1 1
github.com/tochemey/goakt-mcp/internal/runtime/actor/tool_supervisor.go:139.3,139.74 1 1
github.com/tochemey/goakt-mcp/internal/runtime/actor/tool_supervisor.go:140.30,141.34 1 1
github.com/tochemey/goakt-mcp/internal/runtime/actor/tool_supervisor.go:142.35,143.39 1 1
github.com/tochemey/goakt-mcp/internal/runtime/actor/tool_supervisor.go:144.30,145.34 1 1
github.com/tochemey/goakt-mcp/internal/runtime/actor/tool_supervisor.go:146.30,147.34 1 1
github.com/tochemey/goakt-mcp/internal/runtime/actor/tool_supervisor.go:148.49,149.43 1 1
github.com/tochemey/goakt-mcp/internal/runtime/actor/tool_supervisor.go:150.10,151.18 1 0
github.com/tochemey/goakt-mcp/internal/runtime/actor/tool_supervisor.go:158.66,160.21 2 1
github.com/tochemey/goakt-mcp/internal/runtime/actor/tool_supervisor.go:160.21,162.3 1 0
github.com/tochemey/goakt-mcp/internal/runtime/actor/tool_supervisor.go:162.8,164.3 1 1
github.com/tochemey/goakt-mcp/internal/runtime/actor/tool_supervisor.go:165.2,165.12 1 1
github.com/tochemey/goakt-mcp/internal/runtime/actor/tool_supervisor.go:174.106,177.29 2 1
github.com/tochemey/goakt-mcp/internal/runtime/actor/tool_supervisor.go:177.29,180.3 2 1
github.com/tochemey/goakt-mcp/internal/runtime/actor/tool_supervisor.go:182.2,182.43 1 1
github.com/tochemey/goakt-mcp/internal/runtime/actor/tool_supervisor.go:182.43,185.3 2 1
github.com/tochemey/goakt-mcp/internal/runtime/actor/tool_supervisor.go:187.2,188.33 2 1
github.com/tochemey/goakt-mcp/internal/runtime/actor/tool_supervisor.go:188.33,191.3 2 1
github.com/tochemey/goakt-mcp/internal/runtime/actor/tool_supervisor.go:193.2,193.104 1 1
github.com/tochemey/goakt-mcp/internal/runtime/actor/tool_supervisor.go:193.104,196.3 2 0
github.com/tochemey/goakt-mcp/internal/runtime/actor/tool_supervisor.go:198.2,198.80 1 1
github.com/tochemey/goakt-mcp/internal/runtime/actor/tool_supervisor.go:198.80,201.3 2 0
github.com/tochemey/goakt-mcp/internal/runtime/actor/tool_supervisor.go:203.2,203.43 1 1
github.com/tochemey/goakt-mcp/internal/runtime/actor/tool_supervisor.go:203.43,205.3 1 1
github.com/tochemey/goakt-mcp/internal/runtime/actor/tool_supervisor.go:207.2,207.86 1 1
github.com/tochemey/goakt-mcp/internal/runtime/actor/tool_supervisor.go:213.116,214.29 1 1
github.com/tochemey/goakt-mcp/internal/runtime/actor/tool_supervisor.go:214.29,217.3 2 1
github.com/tochemey/goakt-mcp/internal/runtime/actor/tool_supervisor.go:219.2,221.35 3 1
github.com/tochemey/goakt-mcp/internal/runtime/actor/tool_supervisor.go:221.35,224.3 2 1
github.com/tochemey/goakt-mcp/internal/runtime/actor/tool_supervisor.go:226.2,227.81 2 1
github.com/tochemey/goakt-mcp/internal/runtime/actor/tool_supervisor.go:227.81,228.67 1 0
github.com/tochemey/goakt-mcp/internal/runtime/actor/tool_supervisor.go:228.67,231.18 3 0
github.com/tochemey/goakt-mcp/internal/runtime/actor/tool_supervisor.go:231.18,235.5 3 0
github.com/tochemey/goakt-mcp/internal/runtime/actor/tool_supervisor.go:239.2,245.16 4 1
github.com/tochemey/goakt-mcp/internal/runtime/actor/tool_supervisor.go:245.16,246.22 1 0
github.com/tochemey/goakt-mcp/internal/runtime/actor/tool_supervisor.go:246.22,248.4 1 0
github.com/tochemey/goakt-mcp/internal/runtime/actor/tool_supervisor.go:249.3,251.9 3 0
github.com/tochemey/goakt-mcp/internal/runtime/actor/tool_supervisor.go:254.2,254.76 1 1
github.com/tochemey/goakt-mcp/internal/runtime/actor/tool_supervisor.go:259.54,260.26 1 1
github.com/tochemey/goakt-mcp/internal/runtime/actor/tool_supervisor.go:260.26,262.3 1 1
github.com/tochemey/goakt-mcp/internal/runtime/actor/tool_supervisor.go:263.2,263.41 1 1
github.com/tochemey/goakt-mcp/internal/runtime/actor/tool_supervisor.go:268.104,269.29 1 1
github.com/tochemey/goakt-mcp/internal/runtime/actor/tool_supervisor.go:269.29,271.3 1 0
github.com/tochemey/goakt-mcp/internal/runtime/actor/tool_supervisor.go:273.2,276.43 3 1
github.com/tochemey/goakt-mcp/internal/runtime/actor/tool_supervisor.go:276.43,283.3 6 1
github.com/tochemey/goakt-mcp/internal/runtime/actor/tool_supervisor.go:285.2,285.95 1 1
github.com/tochemey/goakt-mcp/internal/runtime/actor/tool_supervisor.go:285.95,290.3 4 1
github.com/tochemey/goakt-mcp/internal/runtime/actor/tool_supervisor.go:295.104,296.29 1 1
github.com/tochemey/goakt-mcp/internal/runtime/actor/tool_supervisor.go:296.29,298.3 1 1
github.com/tochemey/goakt-mcp/internal/runtime/actor/tool_supervisor.go:300.2,300.43 1 1
github.com/tochemey/goakt-mcp/internal/runtime/actor/tool_supervisor.go:300.43,307.3 6 1
github.com/tochemey/goakt-mcp/internal/runtime/actor/tool_supervisor.go:309.2,309.41 1 1
github.com/tochemey/goakt-mcp/internal/runtime/actor/tool_supervisor.go:309.41,311.3 1 1
github.com/tochemey/goakt-mcp/internal/runtime/actor/tool_supervisor.go:315.52,316.39 1 1
github.com/tochemey/goakt-mcp/internal/runtime/actor/tool_supervisor.go:316.39,318.3 1 1
github.com/tochemey/goakt-mcp/internal/runtime/actor/tool_supervisor.go:320.2,320.58 1 1
github.com/tochemey/goakt-mcp/internal/runtime/actor/tool_supervisor.go:320.58,325.3 4 1
github.com/tochemey/goakt-mcp/internal/runtime/actor/tool_supervisor.go:331.134,334.46 3 1
github.com/tochemey/goakt-mcp/internal/runtime/actor/tool_supervisor.go:334.46,335.83 1 0
github.com/tochemey/goakt-mcp/internal/runtime/actor/tool_supervisor.go:335.83,337.4 1 0
github.com/tochemey/goakt-mcp/internal/runtime/actor/tool_supervisor.go:339.2,339.77 1 1
github.com/tochemey/goakt-mcp/internal/runtime/actor/tool_supervisor.go:344.93,346.48 2 1
github.com/tochemey/goakt-mcp/internal/runtime/actor/tool_supervisor.go:346.48,348.3 1 0
github.com/tochemey/goakt-mcp/internal/runtime/actor/tool_supervisor.go:349.2,350.92 2 1
github.com/tochemey/goakt-mcp/internal/runtime/actor/extension/executor_factory.go:46.89,48.2 1 1
github.com/tochemey/goakt-mcp/internal/runtime/actor/extension/executor_factory.go:51.48,53.2 1 1
github.com/tochemey/goakt-mcp/internal/runtime/actor/extension/executor_factory.go:56.66,58.2 1 1
github.com/tochemey/goakt-mcp/internal/runtime/actor/extension/extensions.go:53.52,55.2 1 1
github.com/tochemey/goakt-mcp/internal/runtime/actor/extension/extensions.go:58.43,58.75 1 1
github.com/tochemey/goakt-mcp/internal/runtime/actor/extension/extensions.go:61.55,65.2 3 1
github.com/tochemey/goakt-mcp/internal/runtime/actor/extension/extensions.go:68.57,72.2 3 1
github.com/tochemey/goakt-mcp/internal/runtime/actor/extension/extensions.go:75.71,80.2 4 1
github.com/tochemey/goakt-mcp/internal/runtime/actor/extension/extensions.go:96.79,98.2 1 1
github.com/tochemey/goakt-mcp/internal/runtime/actor/extension/extensions.go:101.46,101.81 1 1
github.com/tochemey/goakt-mcp/internal/runtime/actor/extension/extensions.go:104.61,104.77 1 1
github.com/tochemey/goakt-mcp/internal/runtime/actor/extension/extensions.go:118.64,120.2 1 1
github.com/tochemey/goakt-mcp/internal/runtime/actor/extension/extensions.go:123.39,123.67 1 1
github.com/tochemey/goakt-mcp/internal/runtime/actor/extension/extensions.go:126.50,126.69 1 1
github.com/tochemey/goakt-mcp/internal/runtime/actor/extension/session_dependency.go:35.13,38.2 2 1
github.com/tochemey/goakt-mcp/internal/runtime/actor/extension/session_dependency.go:66.153,74.2 1 1
github.com/tochemey/goakt-mcp/internal/runtime/actor/extension/session_dependency.go:77.41,79.2 1 1
github.com/tochemey/goakt-mcp/internal/runtime/actor/extension/session_dependency.go:82.61,91.45 4 1
github.com/tochemey/goakt-mcp/internal/runtime/actor/extension/session_dependency.go:91.45,93.3 1 0
github.com/tochemey/goakt-mcp/internal/runtime/actor/extension/session_dependency.go:94.2,94.25 1 1
github.com/tochemey/goakt-mcp/internal/runtime/actor/extension/session_dependency.go:98.64,101.45 3 1
github.com/tochemey/goakt-mcp/internal/runtime/actor/extension/session_dependency.go:101.45,103.3 1 1
github.com/tochemey/goakt-mcp/internal/runtime/actor/extension/session_dependency.go:104.2,108.12 5 1
github.com/tochemey/goakt-mcp/internal/runtime/actor/extension/session_dependency.go:112.53,112.74 1 1
github.com/tochemey/goakt-mcp/internal/runtime/actor/extension/session_dependency.go:115.53,115.74 1 1
github.com/tochemey/goakt-mcp/internal/runtime/actor/extension/session_dependency.go:118.49,118.68 1 1
github.com/tochemey/goakt-mcp/internal/runtime/actor/extension/session_dependency.go:121.45,121.62 1 1
github.com/tochemey/goakt-mcp/internal/runtime/actor/extension/session_dependency.go:125.57,125.78 1 1
github.com/tochemey/goakt-mcp/internal/runtime/audit/filesink.go:52.49,53.15 1 1
github.com/tochemey/goakt-mcp/internal/runtime/audit/filesink.go:53.15,55.3 1 0
github.com/tochemey/goakt-mcp/internal/runtime/audit/filesink.go:56.2,56.48 1 1
github.com/tochemey/goakt-mcp/internal/runtime/audit/filesink.go:56.48,58.3 1 0
github.com/tochemey/goakt-mcp/internal/runtime/audit/filesink.go:59.2,61.16 3 1
github.com/tochemey/goakt-mcp/internal/runtime/audit/filesink.go:61.16,63.3 1 0
github.com/tochemey/goakt-mcp/internal/runtime/audit/filesink.go:64.2,65.63 2 1
github.com/tochemey/goakt-mcp/internal/runtime/audit/filesink.go:71.55,72.18 1 1
github.com/tochemey/goakt-mcp/internal/runtime/audit/filesink.go:72.18,74.3 1 0
github.com/tochemey/goakt-mcp/internal/runtime/audit/filesink.go:75.2,77.16 3 1
github.com/tochemey/goakt-mcp/internal/runtime/audit/filesink.go:77.16,79.3 1 0
github.com/tochemey/goakt-mcp/internal/runtime/audit/filesink.go:80.2,80.28 1 1
github.com/tochemey/goakt-mcp/internal/runtime/audit/filesink.go:84.34,87.16 3 1
github.com/tochemey/goakt-mcp/internal/runtime/audit/filesink.go:87.16,89.3 1 1
github.com/tochemey/goakt-mcp/internal/runtime/audit/filesink.go:90.2,95.21 6 1
github.com/tochemey/goakt-mcp/internal/runtime/audit/filesink.go:95.21,97.3 1 0
github.com/tochemey/goakt-mcp/internal/runtime/audit/filesink.go:98.2,98.17 1 1
github.com/tochemey/goakt-mcp/internal/runtime/audit/memory_sink.go:43.34,45.2 1 1
github.com/tochemey/goakt-mcp/internal/runtime/audit/memory_sink.go:48.57,51.14 3 1
github.com/tochemey/goakt-mcp/internal/runtime/audit/memory_sink.go:51.14,53.3 1 1
github.com/tochemey/goakt-mcp/internal/runtime/audit/memory_sink.go:54.2,55.27 2 1
github.com/tochemey/goakt-mcp/internal/runtime/audit/memory_sink.go:55.27,59.3 3 1
github.com/tochemey/goakt-mcp/internal/runtime/audit/memory_sink.go:60.2,61.12 2 1
github.com/tochemey/goakt-mcp/internal/runtime/audit/memory_sink.go:65.36,70.2 4 1
github.com/tochemey/goakt-mcp/internal/runtime/audit/memory_sink.go:73.49,77.29 4 1
github.com/tochemey/goakt-mcp/internal/runtime/audit/memory_sink.go:77.29,79.24 2 1
github.com/tochemey/goakt-mcp/internal/runtime/audit/memory_sink.go:79.24,83.4 3 1
github.com/tochemey/goakt-mcp/internal/runtime/audit/memory_sink.go:84.3,84.18 1 1
github.com/tochemey/goakt-mcp/internal/runtime/audit/memory_sink.go:86.2,86.12 1 1
github.com/tochemey/goakt-mcp/internal/runtime/cluster/bootstrap.go:56.60,57.29 1 1
github.com/tochemey/goakt-mcp/internal/runtime/cluster/bootstrap.go:57.29,59.3 1 1
github.com/tochemey/goakt-mcp/internal/runtime/cluster/bootstrap.go:60.2,60.34 1 1
github.com/tochemey/goakt-mcp/internal/runtime/cluster/bootstrap.go:61.20,62.63 1 1
github.com/tochemey/goakt-mcp/internal/runtime/cluster/bootstrap.go:63.15,64.53 1 1
github.com/tochemey/goakt-mcp/internal/runtime/cluster/bootstrap.go:65.10,66.15 1 1
github.com/tochemey/goakt-mcp/internal/runtime/cluster/bootstrap.go:70.96,76.2 1 1
github.com/tochemey/goakt-mcp/internal/runtime/cluster/bootstrap.go:78.81,80.2 1 1
github.com/tochemey/goakt-mcp/internal/runtime/cluster/bootstrap.go:89.123,90.29 1 1
github.com/tochemey/goakt-mcp/internal/runtime/cluster/bootstrap.go:90.29,92.3 1 1
github.com/tochemey/goakt-mcp/internal/runtime/cluster/bootstrap.go:94.2,96.20 3 1
github.com/tochemey/goakt-mcp/internal/runtime/cluster/bootstrap.go:96.20,98.3 1 1
github.com/tochemey/goakt-mcp/internal/runtime/cluster/bootstrap.go:99.2,100.23 2 1
github.com/tochemey/goakt-mcp/internal/runtime/cluster/bootstrap.go:100.23,102.3 1 1
github.com/tochemey/goakt-mcp/internal/runtime/cluster/bootstrap.go:104.2,110.28 5 1
github.com/tochemey/goakt-mcp/internal/runtime/cluster/bootstrap.go:111.20,112.68 1 1
github.com/tochemey/goakt-mcp/internal/runtime/cluster/bootstrap.go:113.15,114.58 1 1
github.com/tochemey/goakt-mcp/internal/runtime/cluster/bootstrap.go:117.2,117.30 1 1
github.com/tochemey/goakt-mcp/internal/runtime/cluster/bootstrap.go:117.30,128.21 2 1
github.com/tochemey/goakt-mcp/internal/runtime/cluster/bootstrap.go:128.21,130.4 1 0
github.com/tochemey/goakt-mcp/internal/runtime/cluster/bootstrap.go:132.3,132.35 1 1
github.com/tochemey/goakt-mcp/internal/runtime/cluster/bootstrap.go:132.35,134.4 1 0
github.com/tochemey/goakt-mcp/internal/runtime/cluster/bootstrap.go:135.3,135.61 1 1
github.com/tochemey/goakt-mcp/internal/runtime/cluster/bootstrap.go:138.2,138.13 1 1
github.com/tochemey/goakt-mcp/internal/runtime/cluster/bootstrap.go:141.96,142.36 1 1
github.com/tochemey/goakt-mcp/internal/runtime/cluster/bootstrap.go:142.36,144.3 1 1
github.com/tochemey/goakt-mcp/internal/runtime/cluster/bootstrap.go:145.2,151.4 1 1
github.com/tochemey/goakt-mcp/internal/runtime/cluster/bootstrap.go:154.81,155.31 1 1
github.com/tochemey/goakt-mcp/internal/runtime/cluster/bootstrap.go:155.31,157.3 1 0
github.com/tochemey/goakt-mcp/internal/runtime/cluster/bootstrap.go:158.2,162.4 2 1
github.com/tochemey/goakt-mcp/internal/runtime/config/config.go:81.79,94.36 2 1
github.com/tochemey/goakt-mcp/internal/runtime/config/config.go:94.36,96.31 2 1
github.com/tochemey/goakt-mcp/internal/runtime/config/config.go:96.31,98.4 1 0
github.com/tochemey/goakt-mcp/internal/runtime/config/config.go:101.2,101.36 1 1
github.com/tochemey/goakt-mcp/internal/runtime/config/config.go:101.36,103.31 2 1
github.com/tochemey/goakt-mcp/internal/runtime/config/config.go:103.31,105.4 1 0
github.com/tochemey/goakt-mcp/internal/runtime/config/config.go:108.2,108.33 1 1
github.com/tochemey/goakt-mcp/internal/runtime/config/config.go:108.33,110.28 2 1
github.com/tochemey/goakt-mcp/internal/runtime/config/config.go:110.28,112.4 1 0
github.com/tochemey/goakt-mcp/internal/runtime/config/config.go:115.2,115.30 1 1
github.com/tochemey/goakt-mcp/internal/runtime/config/config.go:116.26,122.4 1 1
github.com/tochemey/goakt-mcp/internal/runtime/config/config.go:123.25,127.4 1 1
github.com/tochemey/goakt-mcp/internal/runtime/config/config.go:130.2,130.13 1 1
github.com/tochemey/goakt-mcp/internal/runtime/config/config.go:136.46,138.37 2 1
github.com/tochemey/goakt-mcp/internal/runtime/config/config.go:138.37,140.3 1 1
github.com/tochemey/goakt-mcp/internal/runtime/config/config.go:141.2,141.44 1 1
github.com/tochemey/goakt-mcp/internal/runtime/config/config.go:145.45,146.11 1 1
github.com/tochemey/goakt-mcp/internal/runtime/config/config.go:147.15,148.29 1 1
github.com/tochemey/goakt-mcp/internal/runtime/config/config.go:149.14,150.28 1 1
github.com/tochemey/goakt-mcp/internal/runtime/config/config.go:151.25,152.31 1 1
github.com/tochemey/goakt-mcp/internal/runtime/config/config.go:153.15,154.29 1 1
github.com/tochemey/goakt-mcp/internal/runtime/config/config.go:155.15,156.29 1 1
github.com/tochemey/goakt-mcp/internal/runtime/config/config.go:157.15,158.29 1 1
github.com/tochemey/goakt-mcp/internal/runtime/config/config.go:159.10,160.31 1 1
github.com/tochemey/goakt-mcp/internal/runtime/config/config.go:161.10,162.31 1 1
github.com/tochemey/goakt-mcp/internal/runtime/config/defaults.go:29.33,30.41 1 1
github.com/tochemey/goakt-mcp/internal/runtime/config/defaults.go:30.41,32.3 1 1
github.com/tochemey/goakt-mcp/internal/runtime/config/defaults.go:33.2,33.37 1 1
github.com/tochemey/goakt-mcp/internal/runtime/config/defaults.go:33.37,35.3 1 1
github.com/tochemey/goakt-mcp/internal/runtime/config/defaults.go:36.2,36.37 1 1
github.com/tochemey/goakt-mcp/internal/runtime/config/defaults.go:36.37,38.3 1 1
github.com/tochemey/goakt-mcp/internal/runtime/config/defaults.go:39.2,39.42 1 1
github.com/tochemey/goakt-mcp/internal/runtime/config/defaults.go:39.42,41.3 1 1
github.com/tochemey/goakt-mcp/internal/runtime/config/defaults.go:42.2,42.38 1 1
github.com/tochemey/goakt-mcp/internal/runtime/config/defaults.go:42.38,44.3 1 1
github.com/tochemey/goakt-mcp/internal/runtime/config/defaults.go:45.2,45.22 1 1
github.com/tochemey/goakt-mcp/internal/runtime/config/defaults.go:45.22,47.3 1 1
github.com/tochemey/goakt-mcp/internal/runtime/config/defaults.go:48.2,48.24 1 1
github.com/tochemey/goakt-mcp/internal/runtime/config/defaults.go:48.24,50.3 1 1
github.com/tochemey/goakt-mcp/internal/runtime/config/validate.go:33.34,34.54 1 1
github.com/tochemey/goakt-mcp/internal/runtime/config/validate.go:34.54,36.3 1 1
github.com/tochemey/goakt-mcp/internal/runtime/config/validate.go:38.2,38.53 1 1
github.com/tochemey/goakt-mcp/internal/runtime/config/validate.go:38.53,40.3 1 1
github.com/tochemey/goakt-mcp/internal/runtime/config/validate.go:42.2,42.49 1 1
github.com/tochemey/goakt-mcp/internal/runtime/config/validate.go:42.49,44.3 1 1
github.com/tochemey/goakt-mcp/internal/runtime/config/validate.go:45.2,45.12 1 1
github.com/tochemey/goakt-mcp/internal/runtime/config/validate.go:49.46,50.36 1 1
github.com/tochemey/goakt-mcp/internal/runtime/config/validate.go:50.36,52.3 1 1
github.com/tochemey/goakt-mcp/internal/runtime/config/validate.go:53.2,53.12 1 1
github.com/tochemey/goakt-mcp/internal/runtime/config/validate.go:57.52,59.28 2 1
github.com/tochemey/goakt-mcp/internal/runtime/config/validate.go:59.28,60.17 1 1
github.com/tochemey/goakt-mcp/internal/runtime/config/validate.go:60.17,62.4 1 1
github.com/tochemey/goakt-mcp/internal/runtime/config/validate.go:63.3,63.17 1 1
github.com/tochemey/goakt-mcp/internal/runtime/config/validate.go:63.17,65.4 1 1
github.com/tochemey/goakt-mcp/internal/runtime/config/validate.go:66.3,66.20 1 1
github.com/tochemey/goakt-mcp/internal/runtime/config/validate.go:68.2,68.12 1 1
github.com/tochemey/goakt-mcp/internal/runtime/config/validate.go:73.44,75.26 2 1
github.com/tochemey/goakt-mcp/internal/runtime/config/validate.go:75.26,76.17 1 1
github.com/tochemey/goakt-mcp/internal/runtime/config/validate.go:76.17,78.4 1 1
github.com/tochemey/goakt-mcp/internal/runtime/config/validate.go:79.3,79.17 1 1
github.com/tochemey/goakt-mcp/internal/runtime/config/validate.go:79.17,81.4 1 1
github.com/tochemey/goakt-mcp/internal/runtime/config/validate.go:82.3,83.45 2 1
github.com/tochemey/goakt-mcp/internal/runtime/config/validate.go:83.45,85.4 1 1
github.com/tochemey/goakt-mcp/internal/runtime/config/validate.go:87.2,87.12 1 1
github.com/tochemey/goakt-mcp/internal/runtime/policy/evaluator.go:40.52,42.2 1 1
github.com/tochemey/goakt-mcp/internal/runtime/policy/evaluator.go:48.48,49.62 1 1
github.com/tochemey/goakt-mcp/internal/runtime/policy/evaluator.go:49.62,55.3 1 1
github.com/tochemey/goakt-mcp/internal/runtime/policy/evaluator.go:57.2,57.49 1 1
github.com/tochemey/goakt-mcp/internal/runtime/policy/evaluator.go:57.49,59.3 1 1
github.com/tochemey/goakt-mcp/internal/runtime/policy/evaluator.go:61.2,61.42 1 1
github.com/tochemey/goakt-mcp/internal/runtime/policy/evaluator.go:61.42,63.3 1 1
github.com/tochemey/goakt-mcp/internal/runtime/policy/evaluator.go:65.2,65.40 1 1
github.com/tochemey/goakt-mcp/internal/runtime/policy/evaluator.go:73.58,74.75 1 1
github.com/tochemey/goakt-mcp/internal/runtime/policy/evaluator.go:74.75,76.3 1 1
github.com/tochemey/goakt-mcp/internal/runtime/policy/evaluator.go:78.2,78.32 1 1
github.com/tochemey/goakt-mcp/internal/runtime/policy/evaluator.go:78.32,80.3 1 1
github.com/tochemey/goakt-mcp/internal/runtime/policy/evaluator.go:82.2,82.38 1 1
github.com/tochemey/goakt-mcp/internal/runtime/policy/evaluator.go:82.38,83.27 1 1
github.com/tochemey/goakt-mcp/internal/runtime/policy/evaluator.go:83.27,85.4 1 1
github.com/tochemey/goakt-mcp/internal/runtime/policy/evaluator.go:88.2,92.3 1 1
github.com/tochemey/goakt-mcp/internal/runtime/policy/evaluator.go:96.51,97.28 1 1
github.com/tochemey/goakt-mcp/internal/runtime/policy/evaluator.go:97.28,99.3 1 1
github.com/tochemey/goakt-mcp/internal/runtime/policy/evaluator.go:101.2,103.79 2 1
github.com/tochemey/goakt-mcp/internal/runtime/policy/evaluator.go:103.79,109.3 1 1
github.com/tochemey/goakt-mcp/internal/runtime/policy/evaluator.go:112.2,112.82 1 1
github.com/tochemey/goakt-mcp/internal/runtime/policy/evaluator.go:112.82,118.3 1 1
github.com/tochemey/goakt-mcp/internal/runtime/policy/evaluator.go:120.2,120.40 1 0
github.com/tochemey/goakt-mcp/internal/runtime/policy/types.go:88.32,90.2 1 1
github.com/tochemey/goakt-mcp/internal/runtime/telemetry/correlation.go:41.59,43.26 2 1
github.com/tochemey/goakt-mcp/internal/runtime/telemetry/correlation.go:43.26,45.3 1 1
github.com/tochemey/goakt-mcp/internal/runtime/telemetry/correlation.go:46.2,46.26 1 1
github.com/tochemey/goakt-mcp/internal/runtime/telemetry/correlation.go:46.26,48.3 1 1
github.com/tochemey/goakt-mcp/internal/runtime/telemetry/correlation.go:49.2,49.27 1 1
github.com/tochemey/goakt-mcp/internal/runtime/telemetry/correlation.go:49.27,51.3 1 1
github.com/tochemey/goakt-mcp/internal/runtime/telemetry/correlation.go:52.2,52.25 1 1
github.com/tochemey/goakt-mcp/internal/runtime/telemetry/correlation.go:52.25,54.3 1 1
github.com/tochemey/goakt-mcp/internal/runtime/telemetry/correlation.go:55.2,55.24 1 1
github.com/tochemey/goakt-mcp/internal/runtime/telemetry/correlation.go:55.24,57.3 1 1
github.com/tochemey/goakt-mcp/internal/runtime/telemetry/correlation.go:58.2,58.10 1 1
github.com/tochemey/goakt-mcp/internal/runtime/telemetry/correlation.go:64.50,66.26 2 1
github.com/tochemey/goakt-mcp/internal/runtime/telemetry/correlation.go:66.26,68.3 1 1
github.com/tochemey/goakt-mcp/internal/runtime/telemetry/correlation.go:69.2,69.26 1 1
github.com/tochemey/goakt-mcp/internal/runtime/telemetry/correlation.go:69.26,71.3 1 0
github.com/tochemey/goakt-mcp/internal/runtime/telemetry/correlation.go:72.2,72.27 1 1
github.com/tochemey/goakt-mcp/internal/runtime/telemetry/correlation.go:72.27,74.3 1 0
github.com/tochemey/goakt-mcp/internal/runtime/telemetry/correlation.go:75.2,75.25 1 1
github.com/tochemey/goakt-mcp/internal/runtime/telemetry/correlation.go:75.25,77.3 1 1
github.com/tochemey/goakt-mcp/internal/runtime/telemetry/correlation.go:78.2,78.24 1 1
github.com/tochemey/goakt-mcp/internal/runtime/telemetry/correlation.go:78.24,80.3 1 0
github.com/tochemey/goakt-mcp/internal/runtime/telemetry/correlation.go:81.2,81.19 1 1
github.com/tochemey/goakt-mcp/internal/runtime/telemetry/correlation.go:81.19,83.3 1 1
github.com/tochemey/goakt-mcp/internal/runtime/telemetry/correlation.go:84.2,84.12 1 1
github.com/tochemey/goakt-mcp/internal/runtime/telemetry/metrics.go:58.60,59.18 1 1
github.com/tochemey/goakt-mcp/internal/runtime/telemetry/metrics.go:59.18,61.3 1 1
github.com/tochemey/goakt-mcp/internal/runtime/telemetry/metrics.go:63.2,69.16 3 1
github.com/tochemey/goakt-mcp/internal/runtime/telemetry/metrics.go:69.16,71.3 1 0
github.com/tochemey/goakt-mcp/internal/runtime/telemetry/metrics.go:73.2,77.16 1 1
github.com/tochemey/goakt-mcp/internal/runtime/telemetry/metrics.go:77.16,79.3 1 0
github.com/tochemey/goakt-mcp/internal/runtime/telemetry/metrics.go:81.2,84.16 1 1
github.com/tochemey/goakt-mcp/internal/runtime/telemetry/metrics.go:84.16,86.3 1 0
github.com/tochemey/goakt-mcp/internal/runtime/telemetry/metrics.go:88.2,91.16 1 1
github.com/tochemey/goakt-mcp/internal/runtime/telemetry/metrics.go:91.16,93.3 1 0
github.com/tochemey/goakt-mcp/internal/runtime/telemetry/metrics.go:95.2,96.21 2 1
github.com/tochemey/goakt-mcp/internal/runtime/telemetry/metrics.go:100.26,102.2 1 1
github.com/tochemey/goakt-mcp/internal/runtime/telemetry/metrics.go:106.85,108.14 2 1
github.com/tochemey/goakt-mcp/internal/runtime/telemetry/metrics.go:108.14,110.3 1 1
github.com/tochemey/goakt-mcp/internal/runtime/telemetry/metrics.go:111.2,114.4 1 0
github.com/tochemey/goakt-mcp/internal/runtime/telemetry/metrics.go:119.112,121.14 2 1
github.com/tochemey/goakt-mcp/internal/runtime/telemetry/metrics.go:121.14,123.3 1 1
github.com/tochemey/goakt-mcp/internal/runtime/telemetry/metrics.go:124.2,127.4 1 0
github.com/tochemey/goakt-mcp/internal/runtime/telemetry/metrics.go:132.108,134.14 2 1
github.com/tochemey/goakt-mcp/internal/runtime/telemetry/metrics.go:134.14,136.3 1 1
github.com/tochemey/goakt-mcp/internal/runtime/telemetry/metrics.go:137.2,141.4 1 0
github.com/tochemey/goakt-mcp/internal/runtime/telemetry/metrics.go:146.79,148.14 2 1
github.com/tochemey/goakt-mcp/internal/runtime/telemetry/metrics.go:148.14,150.3 1 1
github.com/tochemey/goakt-mcp/internal/runtime/telemetry/metrics.go:151.2,154.4 1 0
github.com/tochemey/goakt-mcp/internal/runtime/telemetry/trace.go:46.36,50.2 3 1
github.com/tochemey/goakt-mcp/internal/runtime/telemetry/trace.go:53.25,55.2 1 1
github.com/tochemey/goakt-mcp/internal/runtime/telemetry/trace.go:59.28,60.37 1 1
github.com/tochemey/goakt-mcp/internal/runtime/telemetry/trace.go:60.37,62.3 1 1
github.com/tochemey/goakt-mcp/internal/runtime/telemetry/trace.go:63.2,63.19 1 1
github.com/tochemey/goakt-mcp/internal/runtime/telemetry/trace.go:67.28,69.2 1 1
github.com/tochemey/goakt-mcp/internal/runtime/telemetry/trace.go:80.56,84.2 1 1
github.com/tochemey/goakt-mcp/internal/runtime/telemetry/trace.go:87.88,90.2 2 1
github.com/tochemey/goakt-mcp/internal/runtime/telemetry/trace.go:94.108,96.2 1 1
github.com/tochemey/goakt-mcp/mcp/audit.go:104.80,113.2 2 1
github.com/tochemey/goakt-mcp/mcp/audit.go:116.97,124.2 1 1
github.com/tochemey/goakt-mcp/mcp/circuit.go:51.40,53.2 1 1
github.com/tochemey/goakt-mcp/mcp/circuit.go:56.37,58.2 1 1
github.com/tochemey/goakt-mcp/mcp/errors.go:59.39,60.20 1 1
github.com/tochemey/goakt-mcp/mcp/errors.go:60.20,62.3 1 1
github.com/tochemey/goakt-mcp/mcp/errors.go:63.2,63.50 1 1
github.com/tochemey/goakt-mcp/mcp/errors.go:67.39,67.57 1 1
github.com/tochemey/goakt-mcp/mcp/errors.go:70.68,72.2 1 1
github.com/tochemey/goakt-mcp/mcp/errors.go:75.82,77.2 1 1
github.com/tochemey/goakt-mcp/mcp/identity.go:63.33,63.51 1 1
github.com/tochemey/goakt-mcp/mcp/identity.go:66.35,66.55 1 1
github.com/tochemey/goakt-mcp/mcp/identity.go:69.33,69.51 1 1
github.com/tochemey/goakt-mcp/mcp/identity.go:72.35,72.55 1 1
github.com/tochemey/goakt-mcp/mcp/identity.go:75.31,75.49 1 1
github.com/tochemey/goakt-mcp/mcp/identity.go:78.33,78.53 1 1
github.com/tochemey/goakt-mcp/mcp/identity.go:81.34,81.52 1 1
github.com/tochemey/goakt-mcp/mcp/identity.go:84.36,84.56 1 1
github.com/tochemey/goakt-mcp/mcp/identity.go:87.34,87.52 1 1
github.com/tochemey/goakt-mcp/mcp/identity.go:90.36,90.56 1 1
github.com/tochemey/goakt-mcp/mcp/identity.go:93.32,93.50 1 1
github.com/tochemey/goakt-mcp/mcp/identity.go:96.34,96.54 1 1
github.com/tochemey/goakt-mcp/mcp/invocation.go:38.40,41.2 1 1
github.com/tochemey/goakt-mcp/mcp/invocation.go:80.43,80.88 1 1
github.com/tochemey/goakt-mcp/mcp/invocation.go:83.40,83.85 1 1
github.com/tochemey/goakt-mcp/mcp/invocation.go:86.42,86.87 1 1
github.com/tochemey/goakt-mcp/mcp/invocation.go:89.40,89.84 1 1
github.com/tochemey/goakt-mcp/mcp/invocation.go:92.43,92.90 1 1
github.com/tochemey/goakt-mcp/mcp/naming.go:41.47,43.2 1 1
github.com/tochemey/goakt-mcp/mcp/naming.go:48.51,50.2 1 1
github.com/tochemey/goakt-mcp/mcp/naming.go:54.78,56.2 1 1
github.com/tochemey/goakt-mcp/mcp/tls.go:63.88,65.16 2 1
github.com/tochemey/goakt-mcp/mcp/tls.go:65.16,67.3 1 1
github.com/tochemey/goakt-mcp/mcp/tls.go:69.2,76.24 2 1
github.com/tochemey/goakt-mcp/mcp/tls.go:76.24,78.17 2 1
github.com/tochemey/goakt-mcp/mcp/tls.go:78.17,80.4 1 1
github.com/tochemey/goakt-mcp/mcp/tls.go:82.3,83.38 2 1
github.com/tochemey/goakt-mcp/mcp/tls.go:83.38,85.4 1 1
github.com/tochemey/goakt-mcp/mcp/tls.go:87.3,88.56 2 1
github.com/tochemey/goakt-mcp/mcp/tls.go:91.2,91.23 1 1
github.com/tochemey/goakt-mcp/mcp/tls.go:104.73,105.19 1 1
github.com/tochemey/goakt-mcp/mcp/tls.go:105.19,107.3 1 1
github.com/tochemey/goakt-mcp/mcp/tls.go:109.2,109.58 1 1
github.com/tochemey/goakt-mcp/mcp/tls.go:109.58,111.3 1 1
github.com/tochemey/goakt-mcp/mcp/tls.go:113.2,115.35 3 1
github.com/tochemey/goakt-mcp/mcp/tls.go:115.35,117.3 1 1
github.com/tochemey/goakt-mcp/mcp/tls.go:119.2,127.29 2 1
github.com/tochemey/goakt-mcp/mcp/tls.go:127.29,129.17 2 1
github.com/tochemey/goakt-mcp/mcp/tls.go:129.17,131.4 1 1
github.com/tochemey/goakt-mcp/mcp/tls.go:133.3,134.38 2 1
github.com/tochemey/goakt-mcp/mcp/tls.go:134.38,136.4 1 1
github.com/tochemey/goakt-mcp/mcp/tls.go:138.3,138.27 1 1
github.com/tochemey/goakt-mcp/mcp/tls.go:141.2,141.19 1 1
github.com/tochemey/goakt-mcp/mcp/tls.go:141.19,143.17 2 1
github.com/tochemey/goakt-mcp/mcp/tls.go:143.17,145.4 1 1
github.com/tochemey/goakt-mcp/mcp/tls.go:146.3,146.51 1 1
github.com/tochemey/goakt-mcp/mcp/tls.go:149.2,149.23 1 1
github.com/tochemey/goakt-mcp/mcp/tls.go:158.74,159.19 1 1
github.com/tochemey/goakt-mcp/mcp/tls.go:159.19,161.3 1 1
github.com/tochemey/goakt-mcp/mcp/tls.go:163.2,163.51 1 1
github.com/tochemey/goakt-mcp/mcp/tls.go:163.51,165.3 1 1
github.com/tochemey/goakt-mcp/mcp/tls.go:167.2,168.16 2 1
github.com/tochemey/goakt-mcp/mcp/tls.go:168.16,170.3 1 0
github.com/tochemey/goakt-mcp/mcp/tls.go:172.2,179.16 2 1
github.com/tochemey/goakt-mcp/mcp/tls.go:179.16,181.3 1 0
github.com/tochemey/goakt-mcp/mcp/tls.go:183.2,183.22 1 1
github.com/tochemey/goakt-mcp/mcp/tls.go:183.22,185.3 1 0
github.com/tochemey/goakt-mcp/mcp/tls.go:187.2,190.8 1 1
github.com/tochemey/goakt-mcp/mcp/tool.go:113.30,113.70 1 1
github.com/tochemey/goakt-mcp/mcp/tool.go:116.29,116.68 1 1
github.com/tochemey/goakt-mcp/mcp/tool.go:119.34,121.2 1 1
github.com/tochemey/goakt-mcp/mcp/tool_validation.go:33.36,34.22 1 1
github.com/tochemey/goakt-mcp/mcp/tool_validation.go:34.22,36.3 1 1
github.com/tochemey/goakt-mcp/mcp/tool_validation.go:38.2,38.24 1 1
github.com/tochemey/goakt-mcp/mcp/tool_validation.go:39.22,40.52 1 1
github.com/tochemey/goakt-mcp/mcp/tool_validation.go:40.52,42.4 1 1
github.com/tochemey/goakt-mcp/mcp/tool_validation.go:43.21,44.46 1 1
github.com/tochemey/goakt-mcp/mcp/tool_validation.go:44.46,46.4 1 1
github.com/tochemey/goakt-mcp/mcp/tool_validation.go:47.10,48.83 1 1
github.com/tochemey/goakt-mcp/mcp/tool_validation.go:50.2,50.12 1 1
github.com/tochemey/goakt-mcp/examples/quota-assess/main.go:59.13,61.16 2 0
github.com/tochemey/goakt-mcp/examples/quota-assess/main.go:61.16,63.3 1 0
github.com/tochemey/goakt-mcp/examples/quota-assess/main.go:65.2,89.16 3 0
github.com/tochemey/goakt-mcp/examples/quota-assess/main.go:89.16,91.3 1 0
github.com/tochemey/goakt-mcp/examples/quota-assess/main.go:93.2,94.38 2 0
github.com/tochemey/goakt-mcp/examples/quota-assess/main.go:94.38,96.3 1 0
github.com/tochemey/goakt-mcp/examples/quota-assess/main.go:97.2,98.15 2 0
github.com/tochemey/goakt-mcp/examples/quota-assess/main.go:98.15,99.38 1 0
github.com/tochemey/goakt-mcp/examples/quota-assess/main.go:99.38,101.4 1 0
github.com/tochemey/goakt-mcp/examples/quota-assess/main.go:104.2,117.46 7 0
github.com/tochemey/goakt-mcp/examples/quota-assess/main.go:120.74,125.41 3 0
github.com/tochemey/goakt-mcp/examples/quota-assess/main.go:125.41,128.13 3 0
github.com/tochemey/goakt-mcp/examples/quota-assess/main.go:128.13,143.18 3 0
github.com/tochemey/goakt-mcp/examples/quota-assess/main.go:143.18,145.81 2 0
github.com/tochemey/goakt-mcp/examples/quota-assess/main.go:145.81,148.6 2 0
github.com/tochemey/goakt-mcp/examples/quota-assess/main.go:149.5,150.11 2 0
github.com/tochemey/goakt-mcp/examples/quota-assess/main.go:152.4,152.99 1 0
github.com/tochemey/goakt-mcp/examples/quota-assess/main.go:152.99,155.5 2 0
github.com/tochemey/goakt-mcp/examples/quota-assess/main.go:156.4,156.18 1 0
github.com/tochemey/goakt-mcp/examples/quota-assess/main.go:160.2,163.43 4 0
github.com/tochemey/goakt-mcp/examples/quota-assess/main.go:163.43,165.3 1 0
github.com/tochemey/goakt-mcp/examples/quota-assess/main.go:165.8,168.3 1 0
github.com/tochemey/goakt-mcp/examples/quota-assess/main.go:171.73,176.34 3 0
github.com/tochemey/goakt-mcp/examples/quota-assess/main.go:176.34,190.17 2 0
github.com/tochemey/goakt-mcp/examples/quota-assess/main.go:190.17,192.68 2 0
github.com/tochemey/goakt-mcp/examples/quota-assess/main.go:192.68,194.13 2 0
github.com/tochemey/goakt-mcp/examples/quota-assess/main.go:196.4,197.12 2 0
github.com/tochemey/goakt-mcp/examples/quota-assess/main.go:199.3,199.86 1 0
github.com/tochemey/goakt-mcp/examples/quota-assess/main.go:199.86,201.12 2 0
github.com/tochemey/goakt-mcp/examples/quota-assess/main.go:203.3,203.12 1 0
github.com/tochemey/goakt-mcp/examples/quota-assess/main.go:206.2,207.43 2 0
github.com/tochemey/goakt-mcp/examples/quota-assess/main.go:207.43,209.3 1 0
github.com/tochemey/goakt-mcp/examples/quota-assess/main.go:209.8,212.3 1 0
github.com/tochemey/goakt-mcp/examples/filesystem/main.go:55.13,60.16 2 0
github.com/tochemey/goakt-mcp/examples/filesystem/main.go:60.16,62.3 1 0
github.com/tochemey/goakt-mcp/examples/filesystem/main.go:67.2,83.16 3 0
github.com/tochemey/goakt-mcp/examples/filesystem/main.go:83.16,85.3 1 0
github.com/tochemey/goakt-mcp/examples/filesystem/main.go:87.2,88.38 2 0
github.com/tochemey/goakt-mcp/examples/filesystem/main.go:88.38,90.3 1 0
github.com/tochemey/goakt-mcp/examples/filesystem/main.go:93.2,94.15 2 0
github.com/tochemey/goakt-mcp/examples/filesystem/main.go:94.15,95.38 1 0
github.com/tochemey/goakt-mcp/examples/filesystem/main.go:95.38,97.4 1 0
github.com/tochemey/goakt-mcp/examples/filesystem/main.go:100.2,106.16 4 0
github.com/tochemey/goakt-mcp/examples/filesystem/main.go:106.16,108.3 1 0
github.com/tochemey/goakt-mcp/examples/filesystem/main.go:109.2,110.26 2 0
github.com/tochemey/goakt-mcp/examples/filesystem/main.go:110.26,112.3 1 0
github.com/tochemey/goakt-mcp/examples/filesystem/main.go:113.2,131.16 3 0
github.com/tochemey/goakt-mcp/examples/filesystem/main.go:131.16,133.3 1 0
github.com/tochemey/goakt-mcp/examples/filesystem/main.go:136.2,137.23 2 0
github.com/tochemey/goakt-mcp/examples/filesystem/main.go:137.23,139.3 1 0
github.com/tochemey/goakt-mcp/examples/filesystem/main.go:140.2,140.28 1 0
github.com/tochemey/goakt-mcp/examples/filesystem/main.go:140.28,144.3 3 0
github.com/tochemey/goakt-mcp/examples/audit-http/main.go:57.13,60.16 2 0
github.com/tochemey/goakt-mcp/examples/audit-http/main.go:60.16,62.3 1 0
github.com/tochemey/goakt-mcp/examples/audit-http/main.go:63.2,65.19 2 0
github.com/tochemey/goakt-mcp/examples/audit-http/main.go:65.19,67.3 1 0
github.com/tochemey/goakt-mcp/examples/audit-http/main.go:68.2,69.20 2 0
github.com/tochemey/goakt-mcp/examples/audit-http/main.go:69.20,71.3 1 0
github.com/tochemey/goakt-mcp/examples/audit-http/main.go:75.2,76.16 2 0
github.com/tochemey/goakt-mcp/examples/audit-http/main.go:76.16,78.3 1 0
github.com/tochemey/goakt-mcp/examples/audit-http/main.go:81.2,92.19 2 0
github.com/tochemey/goakt-mcp/examples/audit-http/main.go:92.19,99.3 1 0
github.com/tochemey/goakt-mcp/examples/audit-http/main.go:101.2,107.16 3 0
github.com/tochemey/goakt-mcp/examples/audit-http/main.go:107.16,109.3 1 0
github.com/tochemey/goakt-mcp/examples/audit-http/main.go:111.2,112.38 2 0
github.com/tochemey/goakt-mcp/examples/audit-http/main.go:112.38,114.3 1 0
github.com/tochemey/goakt-mcp/examples/audit-http/main.go:115.2,124.16 7 0
github.com/tochemey/goakt-mcp/examples/audit-http/main.go:124.16,126.3 1 0
github.com/tochemey/goakt-mcp/examples/audit-http/main.go:127.2,128.30 2 0
github.com/tochemey/goakt-mcp/examples/audit-http/main.go:128.30,130.3 1 0
github.com/tochemey/goakt-mcp/examples/audit-http/main.go:131.2,150.16 5 0
github.com/tochemey/goakt-mcp/examples/audit-http/main.go:150.16,152.3 1 0
github.com/tochemey/goakt-mcp/examples/audit-http/main.go:152.8,154.26 2 0
github.com/tochemey/goakt-mcp/examples/audit-http/main.go:154.26,156.4 1 0
github.com/tochemey/goakt-mcp/examples/audit-http/main.go:158.2,161.19 2 0
github.com/tochemey/goakt-mcp/examples/audit-http/main.go:161.19,176.17 3 0
github.com/tochemey/goakt-mcp/examples/audit-http/main.go:176.17,178.4 1 0
github.com/tochemey/goakt-mcp/examples/audit-http/main.go:178.9,180.27 2 0
github.com/tochemey/goakt-mcp/examples/audit-http/main.go:180.27,182.5 1 0
github.com/tochemey/goakt-mcp/examples/audit-http/main.go:183.4,183.32 1 0
github.com/tochemey/goakt-mcp/examples/audit-http/main.go:183.32,186.5 2 0
github.com/tochemey/goakt-mcp/examples/audit-http/main.go:188.3,188.16 1 0
github.com/tochemey/goakt-mcp/examples/audit-http/main.go:192.2,192.37 1 0
github.com/tochemey/goakt-mcp/examples/audit-http/main.go:192.37,194.3 1 0
github.com/tochemey/goakt-mcp/examples/audit-http/main.go:195.2,195.41 1 0
github.com/tochemey/goakt-mcp/examples/audit-http/main.go:195.41,197.3 1 0
github.com/tochemey/goakt-mcp/examples/audit-http/main.go:199.2,202.16 4 0
github.com/tochemey/goakt-mcp/examples/audit-http/main.go:202.16,205.3 2 0
github.com/tochemey/goakt-mcp/examples/audit-http/main.go:206.2,210.16 4 0
github.com/tochemey/goakt-mcp/examples/audit-http/main.go:210.16,212.3 1 0
github.com/tochemey/goakt-mcp/examples/audit-http/main.go:213.2,213.33 1 0
github.com/tochemey/goakt-mcp/examples/audit-http/main.go:213.33,216.3 2 0
github.com/tochemey/goakt-mcp/examples/audit-http/main.go:218.2,219.21 2 0
github.com/tochemey/goakt-mcp/examples/audit-http/main.go:219.21,221.3 1 0
github.com/tochemey/goakt-mcp/examples/audit-http/main.go:222.2,222.38 1 0
github.com/tochemey/goakt-mcp/examples/audit-http/main.go:222.38,224.63 2 0
github.com/tochemey/goakt-mcp/examples/audit-http/main.go:224.63,226.12 2 0
github.com/tochemey/goakt-mcp/examples/audit-http/main.go:228.3,229.83 1 0
github.com/tochemey/goakt-mcp/examples/full-config/main.go:65.39,65.55 1 0
github.com/tochemey/goakt-mcp/examples/full-config/main.go:67.133,69.18 2 0
github.com/tochemey/goakt-mcp/examples/full-config/main.go:69.18,71.3 1 0
github.com/tochemey/goakt-mcp/examples/full-config/main.go:72.2,76.8 1 0
github.com/tochemey/goakt-mcp/examples/full-config/main.go:79.13,82.16 2 0
github.com/tochemey/goakt-mcp/examples/full-config/main.go:82.16,84.3 1 0
github.com/tochemey/goakt-mcp/examples/full-config/main.go:85.2,86.19 2 0
github.com/tochemey/goakt-mcp/examples/full-config/main.go:86.19,88.3 1 0
github.com/tochemey/goakt-mcp/examples/full-config/main.go:89.2,90.20 2 0
github.com/tochemey/goakt-mcp/examples/full-config/main.go:90.20,92.3 1 0
github.com/tochemey/goakt-mcp/examples/full-config/main.go:93.2,97.16 3 0
github.com/tochemey/goakt-mcp/examples/full-config/main.go:97.16,99.3 1 0
github.com/tochemey/goakt-mcp/examples/full-config/main.go:102.2,113.19 2 0
github.com/tochemey/goakt-mcp/examples/full-config/main.go:113.19,120.3 1 0
github.com/tochemey/goakt-mcp/examples/full-config/main.go:123.2,187.16 3 0
github.com/tochemey/goakt-mcp/examples/full-config/main.go:187.16,189.3 1 0
github.com/tochemey/goakt-mcp/examples/full-config/main.go:191.2,192.38 2 0
github.com/tochemey/goakt-mcp/examples/full-config/main.go:192.38,194.3 1 0
github.com/tochemey/goakt-mcp/examples/full-config/main.go:196.2,197.15 2 0
github.com/tochemey/goakt-mcp/examples/full-config/main.go:197.15,198.38 1 0
github.com/tochemey/goakt-mcp/examples/full-config/main.go:198.38,200.4 1 0
github.com/tochemey/goakt-mcp/examples/full-config/main.go:203.2,211.24 5 0
github.com/tochemey/goakt-mcp/examples/full-config/main.go:211.24,213.3 1 0
github.com/tochemey/goakt-mcp/examples/full-config/main.go:214.2,219.16 4 0
github.com/tochemey/goakt-mcp/examples/full-config/main.go:219.16,221.3 1 0
github.com/tochemey/goakt-mcp/examples/full-config/main.go:222.2,223.30 2 0
github.com/tochemey/goakt-mcp/examples/full-config/main.go:223.30,225.3 1 0
github.com/tochemey/goakt-mcp/examples/full-config/main.go:226.2,245.16 5 0
github.com/tochemey/goakt-mcp/examples/full-config/main.go:245.16,247.3 1 0
github.com/tochemey/goakt-mcp/examples/full-config/main.go:247.8,249.26 2 0
github.com/tochemey/goakt-mcp/examples/full-config/main.go:249.26,251.4 1 0
github.com/tochemey/goakt-mcp/examples/full-config/main.go:253.2,256.19 2 0
github.com/tochemey/goakt-mcp/examples/full-config/main.go:256.19,271.17 3 0
github.com/tochemey/goakt-mcp/examples/full-config/main.go:271.17,273.4 1 0
github.com/tochemey/goakt-mcp/examples/full-config/main.go:273.9,275.27 2 0
github.com/tochemey/goakt-mcp/examples/full-config/main.go:275.27,277.5 1 0
github.com/tochemey/goakt-mcp/examples/full-config/main.go:278.4,278.32 1 0
github.com/tochemey/goakt-mcp/examples/full-config/main.go:278.32,281.5 2 0
github.com/tochemey/goakt-mcp/examples/full-config/main.go:283.3,283.16 1 0
github.com/tochemey/goakt-mcp/examples/full-config/main.go:287.2,287.37 1 0
github.com/tochemey/goakt-mcp/examples/full-config/main.go:287.37,289.3 1 0
github.com/tochemey/goakt-mcp/examples/full-config/main.go:290.2,290.41 1 0
github.com/tochemey/goakt-mcp/examples/full-config/main.go:290.41,292.3 1 0
github.com/tochemey/goakt-mcp/examples/full-config/main.go:294.2,297.16 4 0
github.com/tochemey/goakt-mcp/examples/full-config/main.go:297.16,300.3 2 0
github.com/tochemey/goakt-mcp/examples/full-config/main.go:301.2,305.16 4 0
github.com/tochemey/goakt-mcp/examples/full-config/main.go:305.16,307.3 1 0
github.com/tochemey/goakt-mcp/examples/full-config/main.go:308.2,308.33 1 0
github.com/tochemey/goakt-mcp/examples/full-config/main.go:308.33,311.3 2 0
github.com/tochemey/goakt-mcp/examples/full-config/main.go:313.2,314.21 2 0
github.com/tochemey/goakt-mcp/examples/full-config/main.go:314.21,316.3 1 0
github.com/tochemey/goakt-mcp/examples/full-config/main.go:317.2,317.38 1 0
github.com/tochemey/goakt-mcp/examples/full-config/main.go:317.38,319.63 2 0
github.com/tochemey/goakt-mcp/examples/full-config/main.go:319.63,321.12 2 0
github.com/tochemey/goakt-mcp/examples/full-config/main.go:323.3,324.83 1 0
github.com/tochemey/goakt-mcp/internal/egress/factory.go:47.115,48.25 1 1
github.com/tochemey/goakt-mcp/internal/egress/factory.go:48.25,50.3 1 1
github.com/tochemey/goakt-mcp/internal/egress/factory.go:51.2,54.3 1 1
github.com/tochemey/goakt-mcp/internal/egress/factory.go:59.130,60.24 1 1
github.com/tochemey/goakt-mcp/internal/egress/factory.go:61.26,62.42 1 1
github.com/tochemey/goakt-mcp/internal/egress/factory.go:63.25,64.41 1 1
github.com/tochemey/goakt-mcp/internal/egress/factory.go:65.10,66.18 1 1
github.com/tochemey/goakt-mcp/internal/egress/http/executor.go:51.104,52.19 1 1
github.com/tochemey/goakt-mcp/internal/egress/http/executor.go:52.19,58.3 1 1
github.com/tochemey/goakt-mcp/internal/egress/http/executor.go:60.2,64.16 4 1
github.com/tochemey/goakt-mcp/internal/egress/http/executor.go:64.16,65.23 1 1
github.com/tochemey/goakt-mcp/internal/egress/http/executor.go:65.23,71.4 1 1
github.com/tochemey/goakt-mcp/internal/egress/http/executor.go:72.3,76.9 1 0
github.com/tochemey/goakt-mcp/internal/egress/http/executor.go:79.2,82.17 4 1
github.com/tochemey/goakt-mcp/internal/egress/http/executor.go:82.17,85.3 2 1
github.com/tochemey/goakt-mcp/internal/egress/http/executor.go:87.2,92.8 1 1
github.com/tochemey/goakt-mcp/internal/egress/http/executor.go:97.38,98.21 1 1
github.com/tochemey/goakt-mcp/internal/egress/http/executor.go:98.21,99.20 1 1
github.com/tochemey/goakt-mcp/internal/egress/http/executor.go:99.20,102.4 2 1
github.com/tochemey/goakt-mcp/internal/egress/http/executor.go:103.3,103.17 1 1
github.com/tochemey/goakt-mcp/internal/egress/http/executor.go:105.2,105.19 1 1
github.com/tochemey/goakt-mcp/internal/egress/http/executor.go:117.134,118.33 1 1
github.com/tochemey/goakt-mcp/internal/egress/http/executor.go:118.33,120.3 1 1
github.com/tochemey/goakt-mcp/internal/egress/http/executor.go:122.2,123.16 2 1
github.com/tochemey/goakt-mcp/internal/egress/http/executor.go:123.16,125.3 1 0
github.com/tochemey/goakt-mcp/internal/egress/http/executor.go:126.2,127.17 2 1
github.com/tochemey/goakt-mcp/internal/egress/http/executor.go:127.17,129.3 1 1
github.com/tochemey/goakt-mcp/internal/egress/http/executor.go:130.2,140.24 5 1
github.com/tochemey/goakt-mcp/internal/egress/http/executor.go:140.24,144.3 3 1
github.com/tochemey/goakt-mcp/internal/egress/http/executor.go:146.2,147.16 2 1
github.com/tochemey/goakt-mcp/internal/egress/http/executor.go:147.16,149.3 1 1
github.com/tochemey/goakt-mcp/internal/egress/http/executor.go:151.2,151.55 1 1
github.com/tochemey/goakt-mcp/internal/egress/http/executor.go:158.97,159.20 1 1
github.com/tochemey/goakt-mcp/internal/egress/http/executor.go:159.20,160.22 1 1
github.com/tochemey/goakt-mcp/internal/egress/http/executor.go:160.22,162.4 1 1
github.com/tochemey/goakt-mcp/internal/egress/http/executor.go:163.3,163.29 1 1
github.com/tochemey/goakt-mcp/internal/egress/http/executor.go:166.2,167.16 2 1
github.com/tochemey/goakt-mcp/internal/egress/http/executor.go:167.16,169.3 1 1
github.com/tochemey/goakt-mcp/internal/egress/http/executor.go:171.2,172.50 2 1
github.com/tochemey/goakt-mcp/internal/egress/http/executor.go:172.50,174.3 1 1
github.com/tochemey/goakt-mcp/internal/egress/http/executor.go:176.2,176.41 1 1
github.com/tochemey/goakt-mcp/internal/egress/http/executor.go:176.41,180.3 3 1
github.com/tochemey/goakt-mcp/internal/egress/http/executor.go:182.2,184.8 1 1
github.com/tochemey/goakt-mcp/internal/egress/http/factory.go:43.105,44.25 1 1
github.com/tochemey/goakt-mcp/internal/egress/http/factory.go:44.25,46.3 1 1
github.com/tochemey/goakt-mcp/internal/egress/http/factory.go:47.2,47.85 1 1
github.com/tochemey/goakt-mcp/internal/egress/http/factory.go:52.121,53.40 1 1
github.com/tochemey/goakt-mcp/internal/egress/http/factory.go:53.40,55.3 1 1
github.com/tochemey/goakt-mcp/internal/egress/http/factory.go:56.2,56.67 1 1
github.com/tochemey/goakt-mcp/internal/egress/http/trace_roundtripper.go:36.62,37.33 1 1
github.com/tochemey/goakt-mcp/internal/egress/http/trace_roundtripper.go:37.33,39.3 1 1
github.com/tochemey/goakt-mcp/internal/egress/http/trace_roundtripper.go:40.2,40.36 1 1
